{"meta": {"format": 3, "version": "7.10.1", "timestamp": "2025-08-03T15:38:46.569969", "branch_coverage": false, "show_contexts": false}, "files": {"src\\portfolio_backtester\\__init__.py": {"executed_lines": [10, 13, 17, 22, 24, 30], "summary": {"covered_lines": 5, "num_statements": 10, "percent_covered": 50.0, "percent_covered_display": "50", "missing_lines": 5, "excluded_lines": 2}, "missing_lines": [25, 26, 27, 28, 29], "excluded_lines": [13, 14], "functions": {"__getattr__": {"executed_lines": [24, 30], "summary": {"covered_lines": 2, "num_statements": 7, "percent_covered": 28.571428571428573, "percent_covered_display": "29", "missing_lines": 5, "excluded_lines": 0}, "missing_lines": [25, 26, 27, 28, 29], "excluded_lines": []}, "": {"executed_lines": [10, 13, 17, 22], "summary": {"covered_lines": 3, "num_statements": 3, "percent_covered": 100.0, "percent_covered_display": "100", "missing_lines": 0, "excluded_lines": 2}, "missing_lines": [], "excluded_lines": [13, 14]}}, "classes": {"": {"executed_lines": [10, 13, 17, 22, 24, 30], "summary": {"covered_lines": 5, "num_statements": 10, "percent_covered": 50.0, "percent_covered_display": "50", "missing_lines": 5, "excluded_lines": 2}, "missing_lines": [25, 26, 27, 28, 29], "excluded_lines": [13, 14]}}}, "src\\portfolio_backtester\\api_stability\\__init__.py": {"executed_lines": [1, 8, 9, 11], "summary": {"covered_lines": 3, "num_statements": 3, "percent_covered": 100.0, "percent_covered_display": "100", "missing_lines": 0, "excluded_lines": 0}, "missing_lines": [], "excluded_lines": [], "functions": {"": {"executed_lines": [1, 8, 9, 11], "summary": {"covered_lines": 3, "num_statements": 3, "percent_covered": 100.0, "percent_covered_display": "100", "missing_lines": 0, "excluded_lines": 0}, "missing_lines": [], "excluded_lines": []}}, "classes": {"": {"executed_lines": [1, 8, 9, 11], "summary": {"covered_lines": 3, "num_statements": 3, "percent_covered": 100.0, "percent_covered_display": "100", "missing_lines": 0, "excluded_lines": 0}, "missing_lines": [], "excluded_lines": []}}}, "src\\portfolio_backtester\\api_stability\\exceptions.py": {"executed_lines": [1, 6, 7, 8, 11, 12, 13, 16, 17, 18], "summary": {"covered_lines": 6, "num_statements": 6, "percent_covered": 100.0, "percent_covered_display": "100", "missing_lines": 0, "excluded_lines": 0}, "missing_lines": [], "excluded_lines": [], "functions": {"": {"executed_lines": [1, 6, 7, 8, 11, 12, 13, 16, 17, 18], "summary": {"covered_lines": 6, "num_statements": 6, "percent_covered": 100.0, "percent_covered_display": "100", "missing_lines": 0, "excluded_lines": 0}, "missing_lines": [], "excluded_lines": []}}, "classes": {"SignatureViolationError": {"executed_lines": [], "summary": {"covered_lines": 0, "num_statements": 0, "percent_covered": 100.0, "percent_covered_display": "100", "missing_lines": 0, "excluded_lines": 0}, "missing_lines": [], "excluded_lines": []}, "ParameterViolationError": {"executed_lines": [], "summary": {"covered_lines": 0, "num_statements": 0, "percent_covered": 100.0, "percent_covered_display": "100", "missing_lines": 0, "excluded_lines": 0}, "missing_lines": [], "excluded_lines": []}, "ReturnTypeViolationError": {"executed_lines": [], "summary": {"covered_lines": 0, "num_statements": 0, "percent_covered": 100.0, "percent_covered_display": "100", "missing_lines": 0, "excluded_lines": 0}, "missing_lines": [], "excluded_lines": []}, "": {"executed_lines": [1, 6, 7, 8, 11, 12, 13, 16, 17, 18], "summary": {"covered_lines": 6, "num_statements": 6, "percent_covered": 100.0, "percent_covered_display": "100", "missing_lines": 0, "excluded_lines": 0}, "missing_lines": [], "excluded_lines": []}}}, "src\\portfolio_backtester\\api_stability\\protection.py": {"executed_lines": [1, 5, 6, 7, 8, 9, 10, 11, 13, 16, 37, 39, 40, 43, 44, 45, 46, 48, 49, 50, 51, 54, 56, 59, 62, 63, 64, 65, 68, 70, 71, 74, 83, 90, 170, 259, 269, 271, 272, 275, 276, 277, 278, 279, 284, 285, 290, 301, 310, 312, 316, 317, 319, 320, 324, 326, 327, 329, 330, 333], "summary": {"covered_lines": 59, "num_statements": 125, "percent_covered": 47.2, "percent_covered_display": "47", "missing_lines": 66, "excluded_lines": 0}, "missing_lines": [57, 123, 124, 125, 127, 129, 130, 132, 133, 135, 136, 138, 139, 141, 143, 146, 153, 156, 159, 160, 161, 162, 163, 164, 166, 167, 204, 205, 206, 208, 209, 212, 214, 215, 216, 217, 219, 226, 227, 229, 230, 232, 234, 241, 242, 243, 245, 248, 249, 250, 251, 252, 253, 255, 256, 294, 295, 313, 321, 335, 337, 338, 339, 341, 342, 344], "excluded_lines": [], "functions": {"validate_signature": {"executed_lines": [37, 71], "summary": {"covered_lines": 2, "num_statements": 2, "percent_covered": 100.0, "percent_covered_display": "100", "missing_lines": 0, "excluded_lines": 0}, "missing_lines": [], "excluded_lines": []}, "validate_signature.decorator": {"executed_lines": [39, 40, 43, 44, 45, 46, 48, 49, 62, 63, 64, 65, 68, 70], "summary": {"covered_lines": 14, "num_statements": 14, "percent_covered": 100.0, "percent_covered_display": "100", "missing_lines": 0, "excluded_lines": 0}, "missing_lines": [], "excluded_lines": []}, "validate_signature.decorator.wrapper": {"executed_lines": [50, 51, 54, 56, 59], "summary": {"covered_lines": 5, "num_statements": 6, "percent_covered": 83.33333333333333, "percent_covered_display": "83", "missing_lines": 1, "excluded_lines": 0}, "missing_lines": [57], "excluded_lines": []}, "api_stable": {"executed_lines": [83], "summary": {"covered_lines": 1, "num_statements": 1, "percent_covered": 100.0, "percent_covered_display": "100", "missing_lines": 0, "excluded_lines": 0}, "missing_lines": [], "excluded_lines": []}, "deprecated": {"executed_lines": [], "summary": {"covered_lines": 0, "num_statements": 3, "percent_covered": 0.0, "percent_covered_display": "0", "missing_lines": 3, "excluded_lines": 0}, "missing_lines": [123, 124, 167], "excluded_lines": []}, "deprecated.decorator": {"executed_lines": [], "summary": {"covered_lines": 0, "num_statements": 8, "percent_covered": 0.0, "percent_covered_display": "0", "missing_lines": 8, "excluded_lines": 0}, "missing_lines": [125, 159, 160, 161, 162, 163, 164, 166], "excluded_lines": []}, "deprecated.decorator.wrapper": {"executed_lines": [], "summary": {"covered_lines": 0, "num_statements": 14, "percent_covered": 0.0, "percent_covered_display": "0", "missing_lines": 14, "excluded_lines": 0}, "missing_lines": [127, 129, 130, 132, 133, 135, 136, 138, 139, 141, 143, 146, 153, 156], "excluded_lines": []}, "deprecated_signature": {"executed_lines": [], "summary": {"covered_lines": 0, "num_statements": 3, "percent_covered": 0.0, "percent_covered_display": "0", "missing_lines": 3, "excluded_lines": 0}, "missing_lines": [204, 205, 256], "excluded_lines": []}, "deprecated_signature.decorator": {"executed_lines": [], "summary": {"covered_lines": 0, "num_statements": 8, "percent_covered": 0.0, "percent_covered_display": "0", "missing_lines": 8, "excluded_lines": 0}, "missing_lines": [206, 248, 249, 250, 251, 252, 253, 255], "excluded_lines": []}, "deprecated_signature.decorator.wrapper": {"executed_lines": [], "summary": {"covered_lines": 0, "num_statements": 18, "percent_covered": 0.0, "percent_covered_display": "0", "missing_lines": 18, "excluded_lines": 0}, "missing_lines": [208, 209, 212, 214, 215, 216, 217, 219, 226, 227, 229, 230, 232, 234, 241, 242, 243, 245], "excluded_lines": []}, "_validate_parameters": {"executed_lines": [269, 271, 272, 275, 276, 277, 278, 279, 284, 285], "summary": {"covered_lines": 10, "num_statements": 10, "percent_covered": 100.0, "percent_covered_display": "100", "missing_lines": 0, "excluded_lines": 0}, "missing_lines": [], "excluded_lines": []}, "_validate_return_type": {"executed_lines": [], "summary": {"covered_lines": 0, "num_statements": 2, "percent_covered": 0.0, "percent_covered_display": "0", "missing_lines": 2, "excluded_lines": 0}, "missing_lines": [294, 295], "excluded_lines": []}, "_is_compatible_type": {"executed_lines": [310, 312, 316, 317, 319, 320, 324, 326, 327, 329, 330, 333], "summary": {"covered_lines": 12, "num_statements": 21, "percent_covered": 57.142857142857146, "percent_covered_display": "57", "missing_lines": 9, "excluded_lines": 0}, "missing_lines": [313, 321, 335, 337, 338, 339, 341, 342, 344], "excluded_lines": []}, "": {"executed_lines": [1, 5, 6, 7, 8, 9, 10, 11, 13, 16, 74, 90, 170, 259, 290, 301], "summary": {"covered_lines": 15, "num_statements": 15, "percent_covered": 100.0, "percent_covered_display": "100", "missing_lines": 0, "excluded_lines": 0}, "missing_lines": [], "excluded_lines": []}}, "classes": {"": {"executed_lines": [1, 5, 6, 7, 8, 9, 10, 11, 13, 16, 37, 39, 40, 43, 44, 45, 46, 48, 49, 50, 51, 54, 56, 59, 62, 63, 64, 65, 68, 70, 71, 74, 83, 90, 170, 259, 269, 271, 272, 275, 276, 277, 278, 279, 284, 285, 290, 301, 310, 312, 316, 317, 319, 320, 324, 326, 327, 329, 330, 333], "summary": {"covered_lines": 59, "num_statements": 125, "percent_covered": 47.2, "percent_covered_display": "47", "missing_lines": 66, "excluded_lines": 0}, "missing_lines": [57, 123, 124, 125, 127, 129, 130, 132, 133, 135, 136, 138, 139, 141, 143, 146, 153, 156, 159, 160, 161, 162, 163, 164, 166, 167, 204, 205, 206, 208, 209, 212, 214, 215, 216, 217, 219, 226, 227, 229, 230, 232, 234, 241, 242, 243, 245, 248, 249, 250, 251, 252, 253, 255, 256, 294, 295, 313, 321, 335, 337, 338, 339, 341, 342, 344], "excluded_lines": []}}}, "src\\portfolio_backtester\\api_stability\\registry.py": {"executed_lines": [1, 4, 5, 8, 9, 11, 12, 13, 14, 15, 16, 17, 18, 19, 21, 22, 32, 34, 35, 36, 37, 40, 45, 47, 48, 49, 52, 53, 55, 56, 57, 59], "summary": {"covered_lines": 31, "num_statements": 35, "percent_covered": 88.57142857142857, "percent_covered_display": "89", "missing_lines": 4, "excluded_lines": 0}, "missing_lines": [38, 41, 42, 60], "excluded_lines": [], "functions": {"MethodSignature.__init__": {"executed_lines": [13, 14, 15, 16, 17, 18, 19], "summary": {"covered_lines": 7, "num_statements": 7, "percent_covered": 100.0, "percent_covered_display": "100", "missing_lines": 0, "excluded_lines": 0}, "missing_lines": [], "excluded_lines": []}, "MethodSignature.as_dict": {"executed_lines": [22], "summary": {"covered_lines": 1, "num_statements": 1, "percent_covered": 100.0, "percent_covered_display": "100", "missing_lines": 0, "excluded_lines": 0}, "missing_lines": [], "excluded_lines": []}, "load_reference_signatures": {"executed_lines": [35, 36, 37], "summary": {"covered_lines": 3, "num_statements": 4, "percent_covered": 75.0, "percent_covered_display": "75", "missing_lines": 1, "excluded_lines": 0}, "missing_lines": [38], "excluded_lines": []}, "save_reference_signatures": {"executed_lines": [], "summary": {"covered_lines": 0, "num_statements": 2, "percent_covered": 0.0, "percent_covered_display": "0", "missing_lines": 2, "excluded_lines": 0}, "missing_lines": [41, 42], "excluded_lines": []}, "register_method": {"executed_lines": [48, 49], "summary": {"covered_lines": 2, "num_statements": 2, "percent_covered": 100.0, "percent_covered_display": "100", "missing_lines": 0, "excluded_lines": 0}, "missing_lines": [], "excluded_lines": []}, "get_registered_methods": {"executed_lines": [53], "summary": {"covered_lines": 1, "num_statements": 1, "percent_covered": 100.0, "percent_covered_display": "100", "missing_lines": 0, "excluded_lines": 0}, "missing_lines": [], "excluded_lines": []}, "export_registry_json": {"executed_lines": [56, 57], "summary": {"covered_lines": 2, "num_statements": 2, "percent_covered": 100.0, "percent_covered_display": "100", "missing_lines": 0, "excluded_lines": 0}, "missing_lines": [], "excluded_lines": []}, "get_method_signature": {"executed_lines": [], "summary": {"covered_lines": 0, "num_statements": 1, "percent_covered": 0.0, "percent_covered_display": "0", "missing_lines": 1, "excluded_lines": 0}, "missing_lines": [60], "excluded_lines": []}, "": {"executed_lines": [1, 4, 5, 8, 9, 11, 12, 21, 32, 34, 40, 45, 47, 52, 55, 59], "summary": {"covered_lines": 15, "num_statements": 15, "percent_covered": 100.0, "percent_covered_display": "100", "missing_lines": 0, "excluded_lines": 0}, "missing_lines": [], "excluded_lines": []}}, "classes": {"MethodSignature": {"executed_lines": [13, 14, 15, 16, 17, 18, 19, 22], "summary": {"covered_lines": 8, "num_statements": 8, "percent_covered": 100.0, "percent_covered_display": "100", "missing_lines": 0, "excluded_lines": 0}, "missing_lines": [], "excluded_lines": []}, "": {"executed_lines": [1, 4, 5, 8, 9, 11, 12, 21, 32, 34, 35, 36, 37, 40, 45, 47, 48, 49, 52, 53, 55, 56, 57, 59], "summary": {"covered_lines": 23, "num_statements": 27, "percent_covered": 85.18518518518519, "percent_covered_display": "85", "missing_lines": 4, "excluded_lines": 0}, "missing_lines": [38, 41, 42, 60], "excluded_lines": []}}}, "src\\portfolio_backtester\\backtester.py": {"executed_lines": [1, 2, 3, 4, 5, 6, 8, 9, 10, 11, 12, 13, 15, 17, 18, 20, 22, 23, 25, 26, 27, 30, 35, 36, 37, 39, 41, 42, 43, 44, 45, 46, 47, 48, 49, 50, 51, 53, 55, 57, 59, 61, 63, 65, 66, 67, 68, 69, 70, 71, 72, 73, 75, 78, 156], "summary": {"covered_lines": 55, "num_statements": 119, "percent_covered": 46.21848739495798, "percent_covered_display": "46", "missing_lines": 64, "excluded_lines": 0}, "missing_lines": [31, 32, 33, 79, 80, 81, 82, 84, 85, 86, 87, 89, 91, 92, 93, 94, 95, 96, 97, 99, 100, 101, 102, 103, 105, 106, 109, 110, 111, 112, 114, 115, 116, 117, 118, 120, 121, 123, 124, 126, 128, 130, 131, 132, 133, 134, 135, 136, 137, 138, 140, 141, 142, 143, 144, 145, 146, 147, 148, 150, 151, 152, 154, 157], "excluded_lines": [], "functions": {"main": {"executed_lines": [23, 25, 26, 27, 30, 35, 36, 37, 39, 41, 42, 43, 44, 45, 46, 47, 48, 49, 50, 51, 53, 55, 57, 59, 61, 63, 65, 66, 67, 68, 69, 70, 71, 72, 73, 75, 78], "summary": {"covered_lines": 37, "num_statements": 100, "percent_covered": 37.0, "percent_covered_display": "37", "missing_lines": 63, "excluded_lines": 0}, "missing_lines": [31, 32, 33, 79, 80, 81, 82, 84, 85, 86, 87, 89, 91, 92, 93, 94, 95, 96, 97, 99, 100, 101, 102, 103, 105, 106, 109, 110, 111, 112, 114, 115, 116, 117, 118, 120, 121, 123, 124, 126, 128, 130, 131, 132, 133, 134, 135, 136, 137, 138, 140, 141, 142, 143, 144, 145, 146, 147, 148, 150, 151, 152, 154], "excluded_lines": []}, "": {"executed_lines": [1, 2, 3, 4, 5, 6, 8, 9, 10, 11, 12, 13, 15, 17, 18, 20, 22, 156], "summary": {"covered_lines": 18, "num_statements": 19, "percent_covered": 94.73684210526316, "percent_covered_display": "95", "missing_lines": 1, "excluded_lines": 0}, "missing_lines": [157], "excluded_lines": []}}, "classes": {"": {"executed_lines": [1, 2, 3, 4, 5, 6, 8, 9, 10, 11, 12, 13, 15, 17, 18, 20, 22, 23, 25, 26, 27, 30, 35, 36, 37, 39, 41, 42, 43, 44, 45, 46, 47, 48, 49, 50, 51, 53, 55, 57, 59, 61, 63, 65, 66, 67, 68, 69, 70, 71, 72, 73, 75, 78, 156], "summary": {"covered_lines": 55, "num_statements": 119, "percent_covered": 46.21848739495798, "percent_covered_display": "46", "missing_lines": 64, "excluded_lines": 0}, "missing_lines": [31, 32, 33, 79, 80, 81, 82, 84, 85, 86, 87, 89, 91, 92, 93, 94, 95, 96, 97, 99, 100, 101, 102, 103, 105, 106, 109, 110, 111, 112, 114, 115, 116, 117, 118, 120, 121, 123, 124, 126, 128, 130, 131, 132, 133, 134, 135, 136, 137, 138, 140, 141, 142, 143, 144, 145, 146, 147, 148, 150, 151, 152, 154, 157], "excluded_lines": []}}}, "src\\portfolio_backtester\\backtester_logic\\__init__.py": {"executed_lines": [1], "summary": {"covered_lines": 0, "num_statements": 0, "percent_covered": 100.0, "percent_covered_display": "100", "missing_lines": 0, "excluded_lines": 0}, "missing_lines": [], "excluded_lines": [], "functions": {"": {"executed_lines": [], "summary": {"covered_lines": 0, "num_statements": 0, "percent_covered": 100.0, "percent_covered_display": "100", "missing_lines": 0, "excluded_lines": 0}, "missing_lines": [], "excluded_lines": []}}, "classes": {"": {"executed_lines": [], "summary": {"covered_lines": 0, "num_statements": 0, "percent_covered": 100.0, "percent_covered_display": "100", "missing_lines": 0, "excluded_lines": 0}, "missing_lines": [], "excluded_lines": []}}}, "src\\portfolio_backtester\\backtester_logic\\constraint_handler.py": {"executed_lines": [1, 8, 9, 10, 11, 13, 16, 17, 19, 22, 93, 136, 158], "summary": {"covered_lines": 11, "num_statements": 83, "percent_covered": 13.25301204819277, "percent_covered_display": "13", "missing_lines": 72, "excluded_lines": 0}, "missing_lines": [20, 41, 42, 43, 45, 46, 49, 51, 52, 53, 56, 60, 61, 62, 65, 66, 68, 70, 71, 72, 73, 76, 77, 79, 80, 81, 82, 83, 84, 86, 87, 88, 90, 91, 107, 110, 112, 114, 117, 120, 121, 124, 125, 126, 127, 132, 134, 138, 141, 143, 144, 147, 148, 149, 150, 151, 152, 155, 156, 160, 162, 163, 164, 165, 167, 168, 170, 171, 172, 173, 174, 176], "excluded_lines": [], "functions": {"ConstraintHandler.__init__": {"executed_lines": [], "summary": {"covered_lines": 0, "num_statements": 1, "percent_covered": 0.0, "percent_covered_display": "0", "missing_lines": 1, "excluded_lines": 0}, "missing_lines": [20], "excluded_lines": []}, "ConstraintHandler.find_constraint_satisfying_params": {"executed_lines": [], "summary": {"covered_lines": 0, "num_statements": 33, "percent_covered": 0.0, "percent_covered_display": "0", "missing_lines": 33, "excluded_lines": 0}, "missing_lines": [41, 42, 43, 45, 46, 49, 51, 52, 53, 56, 60, 61, 62, 65, 66, 68, 70, 71, 72, 73, 76, 77, 79, 80, 81, 82, 83, 84, 86, 87, 88, 90, 91], "excluded_lines": []}, "ConstraintHandler._adjust_parameters_for_constraints": {"executed_lines": [], "summary": {"covered_lines": 0, "num_statements": 13, "percent_covered": 0.0, "percent_covered_display": "0", "missing_lines": 13, "excluded_lines": 0}, "missing_lines": [107, 110, 112, 114, 117, 120, 121, 124, 125, 126, 127, 132, 134], "excluded_lines": []}, "ConstraintHandler._try_other_adjustments": {"executed_lines": [], "summary": {"covered_lines": 0, "num_statements": 12, "percent_covered": 0.0, "percent_covered_display": "0", "missing_lines": 12, "excluded_lines": 0}, "missing_lines": [138, 141, 143, 144, 147, 148, 149, 150, 151, 152, 155, 156], "excluded_lines": []}, "ConstraintHandler._check_constraint_violations": {"executed_lines": [], "summary": {"covered_lines": 0, "num_statements": 13, "percent_covered": 0.0, "percent_covered_display": "0", "missing_lines": 13, "excluded_lines": 0}, "missing_lines": [160, 162, 163, 164, 165, 167, 168, 170, 171, 172, 173, 174, 176], "excluded_lines": []}, "": {"executed_lines": [1, 8, 9, 10, 11, 13, 16, 17, 19, 22, 93, 136, 158], "summary": {"covered_lines": 11, "num_statements": 11, "percent_covered": 100.0, "percent_covered_display": "100", "missing_lines": 0, "excluded_lines": 0}, "missing_lines": [], "excluded_lines": []}}, "classes": {"ConstraintHandler": {"executed_lines": [], "summary": {"covered_lines": 0, "num_statements": 72, "percent_covered": 0.0, "percent_covered_display": "0", "missing_lines": 72, "excluded_lines": 0}, "missing_lines": [20, 41, 42, 43, 45, 46, 49, 51, 52, 53, 56, 60, 61, 62, 65, 66, 68, 70, 71, 72, 73, 76, 77, 79, 80, 81, 82, 83, 84, 86, 87, 88, 90, 91, 107, 110, 112, 114, 117, 120, 121, 124, 125, 126, 127, 132, 134, 138, 141, 143, 144, 147, 148, 149, 150, 151, 152, 155, 156, 160, 162, 163, 164, 165, 167, 168, 170, 171, 172, 173, 174, 176], "excluded_lines": []}, "": {"executed_lines": [1, 8, 9, 10, 11, 13, 16, 17, 19, 22, 93, 136, 158], "summary": {"covered_lines": 11, "num_statements": 11, "percent_covered": 100.0, "percent_covered_display": "100", "missing_lines": 0, "excluded_lines": 0}, "missing_lines": [], "excluded_lines": []}}}, "src\\portfolio_backtester\\backtester_logic\\constraint_logic.py": {"executed_lines": [1, 2, 3, 4, 5, 7, 9, 48], "summary": {"covered_lines": 8, "num_statements": 56, "percent_covered": 14.285714285714286, "percent_covered_display": "14", "missing_lines": 48, "excluded_lines": 0}, "missing_lines": [11, 13, 14, 16, 17, 18, 19, 20, 21, 23, 24, 25, 26, 27, 29, 31, 32, 33, 34, 35, 37, 45, 46, 68, 70, 71, 74, 75, 76, 77, 79, 80, 90, 92, 93, 94, 105, 106, 107, 108, 109, 111, 112, 113, 114, 115, 116, 118], "excluded_lines": [], "functions": {"display_constraint_violation_warning": {"executed_lines": [], "summary": {"covered_lines": 0, "num_statements": 23, "percent_covered": 0.0, "percent_covered_display": "0", "missing_lines": 23, "excluded_lines": 0}, "missing_lines": [11, 13, 14, 16, 17, 18, 19, 20, 21, 23, 24, 25, 26, 27, 29, 31, 32, 33, 34, 35, 37, 45, 46], "excluded_lines": []}, "handle_constraints": {"executed_lines": [], "summary": {"covered_lines": 0, "num_statements": 25, "percent_covered": 0.0, "percent_covered_display": "0", "missing_lines": 25, "excluded_lines": 0}, "missing_lines": [68, 70, 71, 74, 75, 76, 77, 79, 80, 90, 92, 93, 94, 105, 106, 107, 108, 109, 111, 112, 113, 114, 115, 116, 118], "excluded_lines": []}, "": {"executed_lines": [1, 2, 3, 4, 5, 7, 9, 48], "summary": {"covered_lines": 8, "num_statements": 8, "percent_covered": 100.0, "percent_covered_display": "100", "missing_lines": 0, "excluded_lines": 0}, "missing_lines": [], "excluded_lines": []}}, "classes": {"": {"executed_lines": [1, 2, 3, 4, 5, 7, 9, 48], "summary": {"covered_lines": 8, "num_statements": 56, "percent_covered": 14.285714285714286, "percent_covered_display": "14", "missing_lines": 48, "excluded_lines": 0}, "missing_lines": [11, 13, 14, 16, 17, 18, 19, 20, 21, 23, 24, 25, 26, 27, 29, 31, 32, 33, 34, 35, 37, 45, 46, 68, 70, 71, 74, 75, 76, 77, 79, 80, 90, 92, 93, 94, 105, 106, 107, 108, 109, 111, 112, 113, 114, 115, 116, 118], "excluded_lines": []}}}, "src\\portfolio_backtester\\backtester_logic\\data_manager.py": {"executed_lines": [1, 2, 4, 6, 7, 8, 9, 10, 12, 19, 20, 22, 23, 24, 31, 32, 33, 38, 39, 40, 41, 43, 55, 58, 61, 62, 64, 65, 67], "summary": {"covered_lines": 29, "num_statements": 43, "percent_covered": 67.44186046511628, "percent_covered_display": "67", "missing_lines": 14, "excluded_lines": 0}, "missing_lines": [25, 26, 35, 36, 44, 45, 47, 48, 49, 51, 52, 53, 56, 59], "excluded_lines": [], "functions": {"get_data_source": {"executed_lines": [7, 8, 9, 10, 12, 19, 20, 22, 23, 24, 31, 32, 33], "summary": {"covered_lines": 13, "num_statements": 17, "percent_covered": 76.47058823529412, "percent_covered_display": "76", "missing_lines": 4, "excluded_lines": 0}, "missing_lines": [25, 26, 35, 36], "excluded_lines": []}, "prepare_scenario_data": {"executed_lines": [39, 40, 41, 43, 55, 58, 61, 62, 64, 65, 67], "summary": {"covered_lines": 11, "num_statements": 21, "percent_covered": 52.38095238095238, "percent_covered_display": "52", "missing_lines": 10, "excluded_lines": 0}, "missing_lines": [44, 45, 47, 48, 49, 51, 52, 53, 56, 59], "excluded_lines": []}, "": {"executed_lines": [1, 2, 4, 6, 38], "summary": {"covered_lines": 5, "num_statements": 5, "percent_covered": 100.0, "percent_covered_display": "100", "missing_lines": 0, "excluded_lines": 0}, "missing_lines": [], "excluded_lines": []}}, "classes": {"": {"executed_lines": [1, 2, 4, 6, 7, 8, 9, 10, 12, 19, 20, 22, 23, 24, 31, 32, 33, 38, 39, 40, 41, 43, 55, 58, 61, 62, 64, 65, 67], "summary": {"covered_lines": 29, "num_statements": 43, "percent_covered": 67.44186046511628, "percent_covered_display": "67", "missing_lines": 14, "excluded_lines": 0}, "missing_lines": [25, 26, 35, 36, 44, 45, 47, 48, 49, 51, 52, 53, 56, 59], "excluded_lines": []}}}, "src\\portfolio_backtester\\backtester_logic\\execution.py": {"executed_lines": [1, 2, 3, 4, 5, 6, 8, 10, 49, 127, 129, 140], "summary": {"covered_lines": 12, "num_statements": 77, "percent_covered": 15.584415584415584, "percent_covered_display": "16", "missing_lines": 65, "excluded_lines": 0}, "missing_lines": [11, 12, 14, 15, 16, 17, 18, 19, 20, 21, 22, 23, 24, 25, 26, 29, 31, 32, 36, 39, 50, 51, 53, 55, 56, 57, 58, 65, 67, 68, 69, 71, 72, 74, 75, 76, 78, 80, 92, 93, 96, 97, 98, 100, 101, 103, 104, 105, 106, 107, 108, 111, 112, 114, 122, 123, 130, 131, 132, 133, 134, 136, 137, 138, 141], "excluded_lines": [], "functions": {"run_backtest_mode": {"executed_lines": [], "summary": {"covered_lines": 0, "num_statements": 20, "percent_covered": 0.0, "percent_covered_display": "0", "missing_lines": 20, "excluded_lines": 0}, "missing_lines": [11, 12, 14, 15, 16, 17, 18, 19, 20, 21, 22, 23, 24, 25, 26, 29, 31, 32, 36, 39], "excluded_lines": []}, "run_optimize_mode": {"executed_lines": [], "summary": {"covered_lines": 0, "num_statements": 36, "percent_covered": 0.0, "percent_covered_display": "0", "missing_lines": 36, "excluded_lines": 0}, "missing_lines": [50, 51, 53, 55, 56, 57, 58, 65, 67, 68, 69, 71, 72, 74, 75, 76, 78, 80, 92, 93, 96, 97, 98, 100, 101, 103, 104, 105, 106, 107, 108, 111, 112, 114, 122, 123], "excluded_lines": []}, "generate_deferred_report": {"executed_lines": [129, 140], "summary": {"covered_lines": 2, "num_statements": 11, "percent_covered": 18.181818181818183, "percent_covered_display": "18", "missing_lines": 9, "excluded_lines": 0}, "missing_lines": [130, 131, 132, 133, 134, 136, 137, 138, 141], "excluded_lines": []}, "": {"executed_lines": [1, 2, 3, 4, 5, 6, 8, 10, 49, 127], "summary": {"covered_lines": 10, "num_statements": 10, "percent_covered": 100.0, "percent_covered_display": "100", "missing_lines": 0, "excluded_lines": 0}, "missing_lines": [], "excluded_lines": []}}, "classes": {"": {"executed_lines": [1, 2, 3, 4, 5, 6, 8, 10, 49, 127, 129, 140], "summary": {"covered_lines": 12, "num_statements": 77, "percent_covered": 15.584415584415584, "percent_covered_display": "16", "missing_lines": 65, "excluded_lines": 0}, "missing_lines": [11, 12, 14, 15, 16, 17, 18, 19, 20, 21, 22, 23, 24, 25, 26, 29, 31, 32, 36, 39, 50, 51, 53, 55, 56, 57, 58, 65, 67, 68, 69, 71, 72, 74, 75, 76, 78, 80, 92, 93, 96, 97, 98, 100, 101, 103, 104, 105, 106, 107, 108, 111, 112, 114, 122, 123, 130, 131, 132, 133, 134, 136, 137, 138, 141], "excluded_lines": []}}}, "src\\portfolio_backtester\\backtester_logic\\optimization.py": {"executed_lines": [], "summary": {"covered_lines": 0, "num_statements": 27, "percent_covered": 0.0, "percent_covered_display": "0", "missing_lines": 27, "excluded_lines": 0}, "missing_lines": [1, 2, 3, 4, 6, 7, 8, 9, 19, 20, 21, 29, 31, 33, 34, 43, 44, 54, 56, 59, 60, 61, 65, 77, 81, 82, 84], "excluded_lines": [], "functions": {"get_optimizer": {"executed_lines": [], "summary": {"covered_lines": 0, "num_statements": 5, "percent_covered": 0.0, "percent_covered_display": "0", "missing_lines": 5, "excluded_lines": 0}, "missing_lines": [33, 34, 43, 44, 54], "excluded_lines": []}, "run_optimization": {"executed_lines": [], "summary": {"covered_lines": 0, "num_statements": 8, "percent_covered": 0.0, "percent_covered_display": "0", "missing_lines": 8, "excluded_lines": 0}, "missing_lines": [59, 60, 61, 65, 77, 81, 82, 84], "excluded_lines": []}, "": {"executed_lines": [], "summary": {"covered_lines": 0, "num_statements": 14, "percent_covered": 0.0, "percent_covered_display": "0", "missing_lines": 14, "excluded_lines": 0}, "missing_lines": [1, 2, 3, 4, 6, 7, 8, 9, 19, 20, 21, 29, 31, 56], "excluded_lines": []}}, "classes": {"": {"executed_lines": [], "summary": {"covered_lines": 0, "num_statements": 27, "percent_covered": 0.0, "percent_covered_display": "0", "missing_lines": 27, "excluded_lines": 0}, "missing_lines": [1, 2, 3, 4, 6, 7, 8, 9, 19, 20, 21, 29, 31, 33, 34, 43, 44, 54, 56, 59, 60, 61, 65, 77, 81, 82, 84], "excluded_lines": []}}}, "src\\portfolio_backtester\\backtester_logic\\optimizer.py": {"executed_lines": [], "summary": {"covered_lines": 0, "num_statements": 5, "percent_covered": 0.0, "percent_covered_display": "0", "missing_lines": 5, "excluded_lines": 2}, "missing_lines": [1, 3, 8, 16, 18], "excluded_lines": [5, 6], "functions": {"run_optimization": {"executed_lines": [], "summary": {"covered_lines": 0, "num_statements": 2, "percent_covered": 0.0, "percent_covered_display": "0", "missing_lines": 2, "excluded_lines": 0}, "missing_lines": [16, 18], "excluded_lines": []}, "": {"executed_lines": [], "summary": {"covered_lines": 0, "num_statements": 3, "percent_covered": 0.0, "percent_covered_display": "0", "missing_lines": 3, "excluded_lines": 2}, "missing_lines": [1, 3, 8], "excluded_lines": [5, 6]}}, "classes": {"": {"executed_lines": [], "summary": {"covered_lines": 0, "num_statements": 5, "percent_covered": 0.0, "percent_covered_display": "0", "missing_lines": 5, "excluded_lines": 2}, "missing_lines": [1, 3, 8, 16, 18], "excluded_lines": [5, 6]}}}, "src\\portfolio_backtester\\backtester_logic\\portfolio_logic.py": {"executed_lines": [1, 2, 4, 5, 7, 9, 11, 12, 13, 18, 19, 22, 23, 27, 31, 33, 34, 36, 40, 42, 43, 48, 53, 55, 57, 59, 61, 62, 63, 72, 74, 77, 78, 79, 82, 84, 86, 88, 91, 98, 102, 105, 107, 110, 116, 118, 124, 127, 129, 135, 137, 143, 144, 145, 147, 150, 166, 167, 168, 171, 173, 179, 182, 185, 186, 189, 191, 194, 197, 198, 201, 204, 206, 207, 208, 211, 214, 215, 217, 218, 220, 223, 225, 230, 231, 232, 233, 234, 235, 239, 240, 241, 242, 243, 246, 248, 250, 251, 254, 258, 259, 263, 271, 272, 273, 274, 275, 288, 290, 291, 292, 293, 294, 297, 298, 299, 300, 303, 306, 307, 310, 311, 312, 313, 316, 317, 318, 321, 322, 323, 324, 326, 328, 336, 339, 345, 347, 348, 351, 352, 357, 358, 359, 360, 361, 364, 367, 368, 372, 380, 382, 383, 386, 387, 392, 393, 396, 397, 406, 408, 409, 412, 413, 417, 418, 424, 426, 427, 431, 434], "summary": {"covered_lines": 170, "num_statements": 253, "percent_covered": 67.19367588932806, "percent_covered_display": "67", "missing_lines": 83, "excluded_lines": 0}, "missing_lines": [28, 29, 37, 38, 44, 45, 46, 49, 50, 51, 99, 108, 111, 112, 113, 121, 130, 131, 132, 138, 139, 140, 174, 175, 176, 228, 236, 261, 278, 279, 280, 281, 283, 285, 329, 332, 333, 334, 342, 354, 370, 381, 384, 389, 415, 425, 429, 436, 437, 438, 440, 441, 443, 446, 447, 448, 449, 450, 453, 456, 464, 465, 466, 467, 468, 470, 471, 473, 476, 477, 480, 481, 490, 492, 493, 496, 497, 503, 504, 505, 506, 508, 510], "excluded_lines": [], "functions": {"calculate_portfolio_returns": {"executed_lines": [11, 12, 13, 18, 19, 22, 23, 27, 31, 33, 34, 36, 40, 42, 43, 48, 53, 55, 57, 59, 61, 62, 63, 72, 74, 77, 78, 79, 82, 84, 86, 88], "summary": {"covered_lines": 32, "num_statements": 42, "percent_covered": 76.19047619047619, "percent_covered_display": "76", "missing_lines": 10, "excluded_lines": 0}, "missing_lines": [28, 29, 37, 38, 44, 45, 46, 49, 50, 51], "excluded_lines": []}, "_calculate_meta_strategy_portfolio_returns": {"executed_lines": [98, 102, 105, 107, 110, 116, 118, 124, 127, 129, 135, 137, 143, 144, 145, 147], "summary": {"covered_lines": 16, "num_statements": 28, "percent_covered": 57.142857142857146, "percent_covered_display": "57", "missing_lines": 12, "excluded_lines": 0}, "missing_lines": [99, 108, 111, 112, 113, 121, 130, 131, 132, 138, 139, 140], "excluded_lines": []}, "_create_meta_strategy_trade_tracker": {"executed_lines": [166, 167, 168, 171, 173, 179, 182, 185, 186, 189, 191, 194, 197, 198, 201, 204, 206, 207, 208, 211, 214, 215, 217, 218, 220, 223, 225, 230, 231, 232, 233, 234, 235, 239, 240, 241, 242, 243, 246, 248, 250, 251, 254, 258, 259, 263, 271, 272, 273, 274, 275, 288, 290, 291, 292, 293, 294, 297, 298, 299, 300, 303, 306, 307, 310, 311, 312, 313, 316, 317, 318, 321, 322, 323, 324, 326, 328, 336], "summary": {"covered_lines": 78, "num_statements": 94, "percent_covered": 82.97872340425532, "percent_covered_display": "83", "missing_lines": 16, "excluded_lines": 0}, "missing_lines": [174, 175, 176, 228, 236, 261, 278, 279, 280, 281, 283, 285, 329, 332, 333, 334], "excluded_lines": []}, "_track_trades": {"executed_lines": [], "summary": {"covered_lines": 0, "num_statements": 1, "percent_covered": 0.0, "percent_covered_display": "0", "missing_lines": 1, "excluded_lines": 0}, "missing_lines": [342], "excluded_lines": []}, "_track_trades_with_dynamic_capital": {"executed_lines": [347, 348, 351, 352, 357, 358, 359, 360, 361, 364, 367, 368, 372, 380, 382, 383, 386, 387, 392, 393, 396, 397, 406, 408, 409, 412, 413, 417, 418, 424, 426, 427, 431], "summary": {"covered_lines": 33, "num_statements": 41, "percent_covered": 80.48780487804878, "percent_covered_display": "80", "missing_lines": 8, "excluded_lines": 0}, "missing_lines": [354, 370, 381, 384, 389, 415, 425, 429], "excluded_lines": []}, "_track_trades_original": {"executed_lines": [], "summary": {"covered_lines": 0, "num_statements": 36, "percent_covered": 0.0, "percent_covered_display": "0", "missing_lines": 36, "excluded_lines": 0}, "missing_lines": [436, 437, 438, 440, 441, 443, 446, 447, 448, 449, 450, 453, 456, 464, 465, 466, 467, 468, 470, 471, 473, 476, 477, 480, 481, 490, 492, 493, 496, 497, 503, 504, 505, 506, 508, 510], "excluded_lines": []}, "": {"executed_lines": [1, 2, 4, 5, 7, 9, 91, 150, 339, 345, 434], "summary": {"covered_lines": 11, "num_statements": 11, "percent_covered": 100.0, "percent_covered_display": "100", "missing_lines": 0, "excluded_lines": 0}, "missing_lines": [], "excluded_lines": []}}, "classes": {"": {"executed_lines": [1, 2, 4, 5, 7, 9, 11, 12, 13, 18, 19, 22, 23, 27, 31, 33, 34, 36, 40, 42, 43, 48, 53, 55, 57, 59, 61, 62, 63, 72, 74, 77, 78, 79, 82, 84, 86, 88, 91, 98, 102, 105, 107, 110, 116, 118, 124, 127, 129, 135, 137, 143, 144, 145, 147, 150, 166, 167, 168, 171, 173, 179, 182, 185, 186, 189, 191, 194, 197, 198, 201, 204, 206, 207, 208, 211, 214, 215, 217, 218, 220, 223, 225, 230, 231, 232, 233, 234, 235, 239, 240, 241, 242, 243, 246, 248, 250, 251, 254, 258, 259, 263, 271, 272, 273, 274, 275, 288, 290, 291, 292, 293, 294, 297, 298, 299, 300, 303, 306, 307, 310, 311, 312, 313, 316, 317, 318, 321, 322, 323, 324, 326, 328, 336, 339, 345, 347, 348, 351, 352, 357, 358, 359, 360, 361, 364, 367, 368, 372, 380, 382, 383, 386, 387, 392, 393, 396, 397, 406, 408, 409, 412, 413, 417, 418, 424, 426, 427, 431, 434], "summary": {"covered_lines": 170, "num_statements": 253, "percent_covered": 67.19367588932806, "percent_covered_display": "67", "missing_lines": 83, "excluded_lines": 0}, "missing_lines": [28, 29, 37, 38, 44, 45, 46, 49, 50, 51, 99, 108, 111, 112, 113, 121, 130, 131, 132, 138, 139, 140, 174, 175, 176, 228, 236, 261, 278, 279, 280, 281, 283, 285, 329, 332, 333, 334, 342, 354, 370, 381, 384, 389, 415, 425, 429, 436, 437, 438, 440, 441, 443, 446, 447, 448, 449, 450, 453, 456, 464, 465, 466, 467, 468, 470, 471, 473, 476, 477, 480, 481, 490, 492, 493, 496, 497, 503, 504, 505, 506, 508, 510], "excluded_lines": []}}}, "src\\portfolio_backtester\\backtester_logic\\reporting.py": {"executed_lines": [1, 11, 13, 14, 15, 17, 18, 19, 24, 28, 32, 35, 39, 49, 73, 77, 78, 84, 85, 88, 90, 91, 92, 94, 101, 102, 103, 104, 105, 106, 132, 133, 134, 135, 138, 141, 142, 143, 154, 157, 158, 160, 169, 171, 172, 173, 174, 175, 176, 181, 182, 183, 185, 186, 188, 189, 190, 199, 201, 206], "summary": {"covered_lines": 59, "num_statements": 79, "percent_covered": 74.68354430379746, "percent_covered_display": "75", "missing_lines": 20, "excluded_lines": 0}, "missing_lines": [82, 95, 96, 108, 110, 111, 112, 115, 116, 117, 127, 144, 146, 147, 149, 150, 152, 184, 187, 202], "excluded_lines": [], "functions": {"_benchmark_returns": {"executed_lines": [77, 78, 84, 85], "summary": {"covered_lines": 4, "num_statements": 5, "percent_covered": 80.0, "percent_covered_display": "80", "missing_lines": 1, "excluded_lines": 0}, "missing_lines": [82], "excluded_lines": []}, "display_results": {"executed_lines": [90, 91, 92, 94, 101, 102, 103, 104, 105, 106, 132, 133, 134, 135, 138, 141, 142, 143, 154, 157, 158, 160, 169, 171, 172, 173, 174, 175, 176, 181, 182, 183, 185, 186, 188, 189, 190, 199, 201, 206], "summary": {"covered_lines": 40, "num_statements": 59, "percent_covered": 67.79661016949153, "percent_covered_display": "68", "missing_lines": 19, "excluded_lines": 0}, "missing_lines": [95, 96, 108, 110, 111, 112, 115, 116, 117, 127, 144, 146, 147, 149, 150, 152, 184, 187, 202], "excluded_lines": []}, "": {"executed_lines": [1, 11, 13, 14, 15, 17, 18, 19, 24, 28, 32, 35, 39, 49, 73, 88], "summary": {"covered_lines": 15, "num_statements": 15, "percent_covered": 100.0, "percent_covered_display": "100", "missing_lines": 0, "excluded_lines": 0}, "missing_lines": [], "excluded_lines": []}}, "classes": {"": {"executed_lines": [1, 11, 13, 14, 15, 17, 18, 19, 24, 28, 32, 35, 39, 49, 73, 77, 78, 84, 85, 88, 90, 91, 92, 94, 101, 102, 103, 104, 105, 106, 132, 133, 134, 135, 138, 141, 142, 143, 154, 157, 158, 160, 169, 171, 172, 173, 174, 175, 176, 181, 182, 183, 185, 186, 188, 189, 190, 199, 201, 206], "summary": {"covered_lines": 59, "num_statements": 79, "percent_covered": 74.68354430379746, "percent_covered_display": "75", "missing_lines": 20, "excluded_lines": 0}, "missing_lines": [82, 95, 96, 108, 110, 111, 112, 115, 116, 117, 127, 144, 146, 147, 149, 150, 152, 184, 187, 202], "excluded_lines": []}}}, "src\\portfolio_backtester\\backtester_logic\\reporting_logic.py": {"executed_lines": [1, 2, 3, 4, 6, 8], "summary": {"covered_lines": 6, "num_statements": 68, "percent_covered": 8.823529411764707, "percent_covered_display": "9", "missing_lines": 62, "excluded_lines": 0}, "missing_lines": [11, 12, 14, 15, 17, 18, 20, 21, 22, 24, 25, 27, 28, 30, 31, 32, 34, 36, 37, 39, 41, 43, 44, 46, 60, 61, 62, 63, 65, 66, 73, 74, 76, 78, 79, 81, 82, 83, 84, 85, 86, 87, 89, 90, 91, 92, 93, 95, 96, 98, 115, 116, 126, 127, 128, 129, 130, 131, 132, 134, 135, 136], "excluded_lines": [], "functions": {"generate_optimization_report": {"executed_lines": [], "summary": {"covered_lines": 0, "num_statements": 62, "percent_covered": 0.0, "percent_covered_display": "0", "missing_lines": 62, "excluded_lines": 0}, "missing_lines": [11, 12, 14, 15, 17, 18, 20, 21, 22, 24, 25, 27, 28, 30, 31, 32, 34, 36, 37, 39, 41, 43, 44, 46, 60, 61, 62, 63, 65, 66, 73, 74, 76, 78, 79, 81, 82, 83, 84, 85, 86, 87, 89, 90, 91, 92, 93, 95, 96, 98, 115, 116, 126, 127, 128, 129, 130, 131, 132, 134, 135, 136], "excluded_lines": []}, "": {"executed_lines": [1, 2, 3, 4, 6, 8], "summary": {"covered_lines": 6, "num_statements": 6, "percent_covered": 100.0, "percent_covered_display": "100", "missing_lines": 0, "excluded_lines": 0}, "missing_lines": [], "excluded_lines": []}}, "classes": {"": {"executed_lines": [1, 2, 3, 4, 6, 8], "summary": {"covered_lines": 6, "num_statements": 68, "percent_covered": 8.823529411764707, "percent_covered_display": "9", "missing_lines": 62, "excluded_lines": 0}, "missing_lines": [11, 12, 14, 15, 17, 18, 20, 21, 22, 24, 25, 27, 28, 30, 31, 32, 34, 36, 37, 39, 41, 43, 44, 46, 60, 61, 62, 63, 65, 66, 73, 74, 76, 78, 79, 81, 82, 83, 84, 85, 86, 87, 89, 90, 91, 92, 93, 95, 96, 98, 115, 116, 126, 127, 128, 129, 130, 131, 132, 134, 135, 136], "excluded_lines": []}}}, "src\\portfolio_backtester\\backtester_logic\\strategy_logic.py": {"executed_lines": [1, 2, 4, 5, 7, 9, 11, 12, 18, 19, 21, 22, 24, 25, 27, 29, 32, 39, 41, 42, 46, 51, 56, 59, 60, 61, 62, 64, 65, 66, 71, 72, 73, 81, 82, 83, 84, 101, 102, 103, 104, 106, 107, 108, 117, 119, 129, 131, 136, 137, 140, 141, 142, 144, 165, 168, 176, 180, 182, 183, 185, 186, 188, 189, 191, 193, 196, 203, 205, 206, 210, 215, 220, 224, 225, 226, 227, 229, 230, 231, 236, 237, 238, 247, 248, 249, 250, 267, 268, 269, 270, 272, 273, 274, 283, 285, 295, 297, 298, 299, 300, 302, 303, 309, 313, 316, 318, 319, 321, 323, 325, 326, 328, 329, 333, 334, 337, 344, 354, 356], "summary": {"covered_lines": 120, "num_statements": 198, "percent_covered": 60.60606060606061, "percent_covered_display": "61", "missing_lines": 78, "excluded_lines": 0}, "missing_lines": [28, 30, 43, 44, 52, 53, 54, 57, 68, 69, 74, 75, 76, 77, 79, 93, 109, 110, 112, 113, 114, 115, 125, 126, 127, 132, 133, 134, 145, 146, 147, 148, 149, 150, 151, 152, 153, 154, 155, 156, 157, 163, 177, 192, 194, 207, 208, 216, 217, 218, 221, 233, 234, 239, 240, 241, 242, 244, 259, 275, 276, 278, 279, 280, 281, 291, 292, 293, 310, 311, 330, 331, 345, 347, 348, 349, 351, 352], "excluded_lines": [], "functions": {"generate_signals": {"executed_lines": [11, 12, 18, 19, 21, 22, 24, 25, 27, 29, 32, 39, 41, 42, 46, 51, 56, 59, 60, 61, 62, 64, 65, 66, 71, 72, 73, 81, 82, 83, 84, 101, 102, 103, 104, 106, 107, 108, 117, 119, 129, 131, 136, 137, 140, 141, 142, 144, 165], "summary": {"covered_lines": 49, "num_statements": 91, "percent_covered": 53.84615384615385, "percent_covered_display": "54", "missing_lines": 42, "excluded_lines": 0}, "missing_lines": [28, 30, 43, 44, 52, 53, 54, 57, 68, 69, 74, 75, 76, 77, 79, 93, 109, 110, 112, 113, 114, 115, 125, 126, 127, 132, 133, 134, 145, 146, 147, 148, 149, 150, 151, 152, 153, 154, 155, 156, 157, 163], "excluded_lines": []}, "_generate_meta_strategy_signals": {"executed_lines": [176, 180, 182, 183, 185, 186, 188, 189, 191, 193, 196, 203, 205, 206, 210, 215, 220, 224, 225, 226, 227, 229, 230, 231, 236, 237, 238, 247, 248, 249, 250, 267, 268, 269, 270, 272, 273, 274, 283, 285, 295, 297, 298, 299, 300, 302, 303, 309, 313], "summary": {"covered_lines": 49, "num_statements": 77, "percent_covered": 63.63636363636363, "percent_covered_display": "64", "missing_lines": 28, "excluded_lines": 0}, "missing_lines": [177, 192, 194, 207, 208, 216, 217, 218, 221, 233, 234, 239, 240, 241, 242, 244, 259, 275, 276, 278, 279, 280, 281, 291, 292, 293, 310, 311], "excluded_lines": []}, "size_positions": {"executed_lines": [318, 319, 321, 323, 325, 326, 328, 329, 333, 334, 337, 344, 354, 356], "summary": {"covered_lines": 14, "num_statements": 22, "percent_covered": 63.63636363636363, "percent_covered_display": "64", "missing_lines": 8, "excluded_lines": 0}, "missing_lines": [330, 331, 345, 347, 348, 349, 351, 352], "excluded_lines": []}, "": {"executed_lines": [1, 2, 4, 5, 7, 9, 168, 316], "summary": {"covered_lines": 8, "num_statements": 8, "percent_covered": 100.0, "percent_covered_display": "100", "missing_lines": 0, "excluded_lines": 0}, "missing_lines": [], "excluded_lines": []}}, "classes": {"": {"executed_lines": [1, 2, 4, 5, 7, 9, 11, 12, 18, 19, 21, 22, 24, 25, 27, 29, 32, 39, 41, 42, 46, 51, 56, 59, 60, 61, 62, 64, 65, 66, 71, 72, 73, 81, 82, 83, 84, 101, 102, 103, 104, 106, 107, 108, 117, 119, 129, 131, 136, 137, 140, 141, 142, 144, 165, 168, 176, 180, 182, 183, 185, 186, 188, 189, 191, 193, 196, 203, 205, 206, 210, 215, 220, 224, 225, 226, 227, 229, 230, 231, 236, 237, 238, 247, 248, 249, 250, 267, 268, 269, 270, 272, 273, 274, 283, 285, 295, 297, 298, 299, 300, 302, 303, 309, 313, 316, 318, 319, 321, 323, 325, 326, 328, 329, 333, 334, 337, 344, 354, 356], "summary": {"covered_lines": 120, "num_statements": 198, "percent_covered": 60.60606060606061, "percent_covered_display": "61", "missing_lines": 78, "excluded_lines": 0}, "missing_lines": [28, 30, 43, 44, 52, 53, 54, 57, 68, 69, 74, 75, 76, 77, 79, 93, 109, 110, 112, 113, 114, 115, 125, 126, 127, 132, 133, 134, 145, 146, 147, 148, 149, 150, 151, 152, 153, 154, 155, 156, 157, 163, 177, 192, 194, 207, 208, 216, 217, 218, 221, 233, 234, 239, 240, 241, 242, 244, 259, 275, 276, 278, 279, 280, 281, 291, 292, 293, 310, 311, 330, 331, 345, 347, 348, 349, 351, 352], "excluded_lines": []}}}, "src\\portfolio_backtester\\backtesting\\__init__.py": {"executed_lines": [1], "summary": {"covered_lines": 0, "num_statements": 0, "percent_covered": 100.0, "percent_covered_display": "100", "missing_lines": 0, "excluded_lines": 0}, "missing_lines": [], "excluded_lines": [], "functions": {"": {"executed_lines": [1], "summary": {"covered_lines": 0, "num_statements": 0, "percent_covered": 100.0, "percent_covered_display": "100", "missing_lines": 0, "excluded_lines": 0}, "missing_lines": [], "excluded_lines": []}}, "classes": {"": {"executed_lines": [1], "summary": {"covered_lines": 0, "num_statements": 0, "percent_covered": 100.0, "percent_covered_display": "100", "missing_lines": 0, "excluded_lines": 0}, "missing_lines": [], "excluded_lines": []}}}, "src\\portfolio_backtester\\backtesting\\results.py": {"executed_lines": [1, 8, 9, 10, 13, 14, 15, 28, 29, 30, 31, 32, 33, 36, 37, 38, 51, 52, 53, 54, 55, 56], "summary": {"covered_lines": 19, "num_statements": 19, "percent_covered": 100.0, "percent_covered_display": "100", "missing_lines": 0, "excluded_lines": 0}, "missing_lines": [], "excluded_lines": [], "functions": {"": {"executed_lines": [1, 8, 9, 10, 13, 14, 15, 28, 29, 30, 31, 32, 33, 36, 37, 38, 51, 52, 53, 54, 55, 56], "summary": {"covered_lines": 19, "num_statements": 19, "percent_covered": 100.0, "percent_covered_display": "100", "missing_lines": 0, "excluded_lines": 0}, "missing_lines": [], "excluded_lines": []}}, "classes": {"BacktestResult": {"executed_lines": [], "summary": {"covered_lines": 0, "num_statements": 0, "percent_covered": 100.0, "percent_covered_display": "100", "missing_lines": 0, "excluded_lines": 0}, "missing_lines": [], "excluded_lines": []}, "WindowResult": {"executed_lines": [], "summary": {"covered_lines": 0, "num_statements": 0, "percent_covered": 100.0, "percent_covered_display": "100", "missing_lines": 0, "excluded_lines": 0}, "missing_lines": [], "excluded_lines": []}, "": {"executed_lines": [1, 8, 9, 10, 13, 14, 15, 28, 29, 30, 31, 32, 33, 36, 37, 38, 51, 52, 53, 54, 55, 56], "summary": {"covered_lines": 19, "num_statements": 19, "percent_covered": 100.0, "percent_covered_display": "100", "missing_lines": 0, "excluded_lines": 0}, "missing_lines": [], "excluded_lines": []}}}, "src\\portfolio_backtester\\backtesting\\strategy_backtester.py": {"executed_lines": [1, 9, 10, 11, 12, 14, 15, 16, 17, 18, 19, 20, 22, 25, 26, 39, 46, 47, 48, 51, 54, 55, 57, 60, 81, 85, 91, 92, 93, 102, 103, 104, 105, 114, 115, 116, 117, 120, 122, 123, 124, 126, 129, 132, 142, 152, 164, 165, 166, 167, 169, 170, 172, 177, 178, 179, 184, 187, 188, 190, 193, 196, 199, 201, 210, 233, 235, 239, 240, 243, 248, 255, 256, 257, 258, 261, 262, 268, 269, 270, 273, 275, 284, 298, 305, 307, 308, 309, 310, 312, 315, 316, 317, 319, 320, 322, 423, 425, 433, 441, 450, 458, 460, 461, 462, 463, 464, 471, 473, 479, 489, 495, 499, 500, 502, 509, 511, 512, 514, 515, 516, 517, 519, 521, 524, 525, 526, 528, 530, 531, 533, 534, 537, 538], "summary": {"covered_lines": 132, "num_statements": 189, "percent_covered": 69.84126984126983, "percent_covered_display": "70", "missing_lines": 57, "excluded_lines": 0}, "missing_lines": [58, 82, 96, 97, 98, 99, 100, 101, 106, 107, 108, 111, 173, 174, 181, 236, 263, 264, 265, 299, 313, 340, 345, 346, 347, 349, 350, 351, 352, 353, 354, 355, 356, 357, 359, 362, 363, 365, 367, 368, 369, 371, 372, 373, 375, 378, 379, 381, 384, 394, 404, 416, 417, 419, 421, 496, 522], "excluded_lines": [], "functions": {"StrategyBacktester.__init__": {"executed_lines": [46, 47, 48, 51, 54, 55, 57], "summary": {"covered_lines": 7, "num_statements": 8, "percent_covered": 87.5, "percent_covered_display": "88", "missing_lines": 1, "excluded_lines": 0}, "missing_lines": [58], "excluded_lines": []}, "StrategyBacktester.backtest_strategy": {"executed_lines": [81, 85, 91, 92, 93, 102, 103, 104, 105, 114, 115, 116, 117, 120, 122, 123, 124, 126, 129, 132, 142, 152, 164, 165, 166, 167, 169, 170, 172, 177, 178, 179, 184, 187, 188, 190, 193, 196, 199, 201], "summary": {"covered_lines": 40, "num_statements": 54, "percent_covered": 74.07407407407408, "percent_covered_display": "74", "missing_lines": 14, "excluded_lines": 0}, "missing_lines": [82, 96, 97, 98, 99, 100, 101, 106, 107, 108, 111, 173, 174, 181], "excluded_lines": []}, "StrategyBacktester.evaluate_window": {"executed_lines": [233, 235, 239, 240, 243, 248, 255, 256, 257, 258, 261, 262, 268, 269, 270, 273, 275], "summary": {"covered_lines": 17, "num_statements": 21, "percent_covered": 80.95238095238095, "percent_covered_display": "81", "missing_lines": 4, "excluded_lines": 0}, "missing_lines": [236, 263, 264, 265], "excluded_lines": []}, "StrategyBacktester._get_strategy": {"executed_lines": [298, 305, 307, 308, 309, 310, 312, 315, 316, 317, 319, 320], "summary": {"covered_lines": 12, "num_statements": 14, "percent_covered": 85.71428571428571, "percent_covered_display": "86", "missing_lines": 2, "excluded_lines": 0}, "missing_lines": [299, 313], "excluded_lines": []}, "StrategyBacktester._run_scenario_for_window": {"executed_lines": [], "summary": {"covered_lines": 0, "num_statements": 34, "percent_covered": 0.0, "percent_covered_display": "0", "missing_lines": 34, "excluded_lines": 0}, "missing_lines": [340, 345, 346, 347, 349, 350, 351, 352, 353, 354, 355, 356, 357, 359, 362, 363, 365, 367, 368, 369, 371, 372, 373, 375, 378, 379, 381, 384, 394, 404, 416, 417, 419, 421], "excluded_lines": []}, "StrategyBacktester._create_empty_backtest_result": {"executed_lines": [425], "summary": {"covered_lines": 1, "num_statements": 1, "percent_covered": 100.0, "percent_covered_display": "100", "missing_lines": 0, "excluded_lines": 0}, "missing_lines": [], "excluded_lines": []}, "StrategyBacktester._create_empty_window_result": {"executed_lines": [441], "summary": {"covered_lines": 1, "num_statements": 1, "percent_covered": 100.0, "percent_covered_display": "100", "missing_lines": 0, "excluded_lines": 0}, "missing_lines": [], "excluded_lines": []}, "StrategyBacktester._create_trade_history": {"executed_lines": [458, 460, 461, 462, 463, 464, 471], "summary": {"covered_lines": 7, "num_statements": 7, "percent_covered": 100.0, "percent_covered_display": "100", "missing_lines": 0, "excluded_lines": 0}, "missing_lines": [], "excluded_lines": []}, "StrategyBacktester._create_performance_stats": {"executed_lines": [479], "summary": {"covered_lines": 1, "num_statements": 1, "percent_covered": 100.0, "percent_covered_display": "100", "missing_lines": 0, "excluded_lines": 0}, "missing_lines": [], "excluded_lines": []}, "StrategyBacktester._create_charts_data": {"executed_lines": [495, 499, 500, 502], "summary": {"covered_lines": 4, "num_statements": 5, "percent_covered": 80.0, "percent_covered_display": "80", "missing_lines": 1, "excluded_lines": 0}, "missing_lines": [496], "excluded_lines": []}, "StrategyBacktester._calculate_max_drawdown": {"executed_lines": [511, 512, 514, 515, 516, 517], "summary": {"covered_lines": 6, "num_statements": 6, "percent_covered": 100.0, "percent_covered_display": "100", "missing_lines": 0, "excluded_lines": 0}, "missing_lines": [], "excluded_lines": []}, "StrategyBacktester._calculate_drawdown_series": {"executed_lines": [521, 524, 525, 526], "summary": {"covered_lines": 4, "num_statements": 5, "percent_covered": 80.0, "percent_covered_display": "80", "missing_lines": 1, "excluded_lines": 0}, "missing_lines": [522], "excluded_lines": []}, "StrategyBacktester._calculate_rolling_sharpe": {"executed_lines": [530, 531, 533, 534, 537, 538], "summary": {"covered_lines": 6, "num_statements": 6, "percent_covered": 100.0, "percent_covered_display": "100", "missing_lines": 0, "excluded_lines": 0}, "missing_lines": [], "excluded_lines": []}, "": {"executed_lines": [1, 9, 10, 11, 12, 14, 15, 16, 17, 18, 19, 20, 22, 25, 26, 39, 60, 210, 284, 322, 423, 433, 450, 473, 489, 509, 519, 528], "summary": {"covered_lines": 26, "num_statements": 26, "percent_covered": 100.0, "percent_covered_display": "100", "missing_lines": 0, "excluded_lines": 0}, "missing_lines": [], "excluded_lines": []}}, "classes": {"StrategyBacktester": {"executed_lines": [46, 47, 48, 51, 54, 55, 57, 81, 85, 91, 92, 93, 102, 103, 104, 105, 114, 115, 116, 117, 120, 122, 123, 124, 126, 129, 132, 142, 152, 164, 165, 166, 167, 169, 170, 172, 177, 178, 179, 184, 187, 188, 190, 193, 196, 199, 201, 233, 235, 239, 240, 243, 248, 255, 256, 257, 258, 261, 262, 268, 269, 270, 273, 275, 298, 305, 307, 308, 309, 310, 312, 315, 316, 317, 319, 320, 425, 441, 458, 460, 461, 462, 463, 464, 471, 479, 495, 499, 500, 502, 511, 512, 514, 515, 516, 517, 521, 524, 525, 526, 530, 531, 533, 534, 537, 538], "summary": {"covered_lines": 106, "num_statements": 163, "percent_covered": 65.03067484662577, "percent_covered_display": "65", "missing_lines": 57, "excluded_lines": 0}, "missing_lines": [58, 82, 96, 97, 98, 99, 100, 101, 106, 107, 108, 111, 173, 174, 181, 236, 263, 264, 265, 299, 313, 340, 345, 346, 347, 349, 350, 351, 352, 353, 354, 355, 356, 357, 359, 362, 363, 365, 367, 368, 369, 371, 372, 373, 375, 378, 379, 381, 384, 394, 404, 416, 417, 419, 421, 496, 522], "excluded_lines": []}, "": {"executed_lines": [1, 9, 10, 11, 12, 14, 15, 16, 17, 18, 19, 20, 22, 25, 26, 39, 60, 210, 284, 322, 423, 433, 450, 473, 489, 509, 519, 528], "summary": {"covered_lines": 26, "num_statements": 26, "percent_covered": 100.0, "percent_covered_display": "100", "missing_lines": 0, "excluded_lines": 0}, "missing_lines": [], "excluded_lines": []}}}, "src\\portfolio_backtester\\config_initializer.py": {"executed_lines": [1, 2, 3, 5, 8, 15, 17, 20, 21, 22, 23, 25, 27, 28, 29, 31, 32, 43, 51, 53, 54, 57, 61, 64, 65, 89, 90, 91, 94, 95, 99, 102, 103, 111, 118, 122, 133, 136, 139, 140, 144, 145, 147, 148, 151, 152, 153, 154, 157, 159, 161, 163, 164, 166, 167, 169, 170], "summary": {"covered_lines": 57, "num_statements": 89, "percent_covered": 64.04494382022472, "percent_covered_display": "64", "missing_lines": 32, "excluded_lines": 0}, "missing_lines": [9, 18, 58, 66, 67, 68, 69, 70, 73, 74, 76, 78, 79, 80, 81, 82, 84, 85, 86, 96, 104, 105, 106, 108, 112, 125, 126, 127, 128, 129, 141, 173], "excluded_lines": [], "functions": {"_get_strategy_tunable_params": {"executed_lines": [8, 15, 17, 20, 21, 22, 23], "summary": {"covered_lines": 7, "num_statements": 9, "percent_covered": 77.77777777777777, "percent_covered_display": "78", "missing_lines": 2, "excluded_lines": 0}, "missing_lines": [9, 18], "excluded_lines": []}, "_get_sizer_tunable_param": {"executed_lines": [27, 28, 29], "summary": {"covered_lines": 3, "num_statements": 3, "percent_covered": 100.0, "percent_covered_display": "100", "missing_lines": 0, "excluded_lines": 0}, "missing_lines": [], "excluded_lines": []}, "populate_default_optimizations": {"executed_lines": [43, 51, 53, 54, 57, 61, 64, 65, 89, 90, 91, 94, 95, 99, 102, 103, 111, 118, 122, 133, 136, 139, 140, 144, 145, 147, 148, 151, 152, 153, 154], "summary": {"covered_lines": 31, "num_statements": 60, "percent_covered": 51.666666666666664, "percent_covered_display": "52", "missing_lines": 29, "excluded_lines": 0}, "missing_lines": [58, 66, 67, 68, 69, 70, 73, 74, 76, 78, 79, 80, 81, 82, 84, 85, 86, 96, 104, 105, 106, 108, 112, 125, 126, 127, 128, 129, 141], "excluded_lines": []}, "_get_default_value_for_parameter": {"executed_lines": [159, 161, 163, 164, 166, 167, 169, 170], "summary": {"covered_lines": 8, "num_statements": 9, "percent_covered": 88.88888888888889, "percent_covered_display": "89", "missing_lines": 1, "excluded_lines": 0}, "missing_lines": [173], "excluded_lines": []}, "": {"executed_lines": [1, 2, 3, 5, 25, 31, 32, 157], "summary": {"covered_lines": 8, "num_statements": 8, "percent_covered": 100.0, "percent_covered_display": "100", "missing_lines": 0, "excluded_lines": 0}, "missing_lines": [], "excluded_lines": []}}, "classes": {"": {"executed_lines": [1, 2, 3, 5, 8, 15, 17, 20, 21, 22, 23, 25, 27, 28, 29, 31, 32, 43, 51, 53, 54, 57, 61, 64, 65, 89, 90, 91, 94, 95, 99, 102, 103, 111, 118, 122, 133, 136, 139, 140, 144, 145, 147, 148, 151, 152, 153, 154, 157, 159, 161, 163, 164, 166, 167, 169, 170], "summary": {"covered_lines": 57, "num_statements": 89, "percent_covered": 64.04494382022472, "percent_covered_display": "64", "missing_lines": 32, "excluded_lines": 0}, "missing_lines": [9, 18, 58, 66, 67, 68, 69, 70, 73, 74, 76, 78, 79, 80, 81, 82, 84, 85, 86, 96, 104, 105, 106, 108, 112, 125, 126, 127, 128, 129, 141, 173], "excluded_lines": []}}}, "src\\portfolio_backtester\\config_loader.py": {"executed_lines": [1, 2, 3, 4, 7, 8, 11, 13, 29, 32, 33, 34, 37, 38, 41, 42, 43, 46, 60, 105, 115, 116, 118, 119, 120, 129, 131, 132, 134, 135, 136, 137, 139, 143, 144, 148, 149, 152, 153, 157, 158, 159, 160, 161, 170, 171, 172, 174, 175, 176, 177, 178, 179, 183, 187, 192, 199, 200, 202, 204, 205, 207, 210, 212, 214, 224, 265, 282, 308, 309, 316], "summary": {"covered_lines": 70, "num_statements": 196, "percent_covered": 35.714285714285715, "percent_covered_display": "36", "missing_lines": 126, "excluded_lines": 0}, "missing_lines": [47, 48, 49, 50, 51, 52, 53, 54, 56, 57, 58, 73, 74, 76, 77, 78, 79, 81, 82, 87, 92, 93, 94, 95, 100, 101, 103, 140, 145, 154, 162, 163, 166, 167, 180, 181, 182, 184, 193, 194, 195, 215, 217, 218, 219, 220, 221, 231, 233, 236, 237, 238, 239, 241, 242, 243, 246, 247, 249, 250, 251, 252, 253, 254, 255, 256, 258, 259, 260, 262, 272, 273, 274, 275, 276, 277, 278, 279, 280, 284, 285, 286, 287, 288, 289, 290, 291, 292, 293, 294, 295, 296, 297, 298, 299, 300, 301, 302, 303, 304, 305, 310, 311, 313, 314, 318, 320, 321, 323, 326, 328, 329, 330, 331, 332, 334, 335, 337, 338, 339, 340, 341, 343, 344, 347, 348], "excluded_lines": [], "functions": {"get_ga_optimizer_parameter_defaults": {"executed_lines": [13], "summary": {"covered_lines": 1, "num_statements": 1, "percent_covered": 100.0, "percent_covered_display": "100", "missing_lines": 0, "excluded_lines": 0}, "missing_lines": [], "excluded_lines": []}, "merge_optimizer_config": {"executed_lines": [], "summary": {"covered_lines": 0, "num_statements": 11, "percent_covered": 0.0, "percent_covered_display": "0", "missing_lines": 11, "excluded_lines": 0}, "missing_lines": [47, 48, 49, 50, 51, 52, 53, 54, 56, 57, 58], "excluded_lines": []}, "load_scenario_from_file": {"executed_lines": [], "summary": {"covered_lines": 0, "num_statements": 16, "percent_covered": 0.0, "percent_covered_display": "0", "missing_lines": 16, "excluded_lines": 0}, "missing_lines": [73, 74, 76, 77, 78, 79, 81, 82, 87, 92, 93, 94, 95, 100, 101, 103], "excluded_lines": []}, "load_config": {"executed_lines": [115, 116, 118, 119, 120, 129, 131, 132, 134, 135, 136, 137, 139, 143, 144, 148, 149, 152, 153, 157, 158, 159, 160, 161, 170, 171, 172, 174, 175, 176, 177, 178, 179, 183, 187, 192, 199, 200, 202, 204, 205, 207, 210, 212, 214], "summary": {"covered_lines": 45, "num_statements": 65, "percent_covered": 69.23076923076923, "percent_covered_display": "69", "missing_lines": 20, "excluded_lines": 0}, "missing_lines": [140, 145, 154, 162, 163, 166, 167, 180, 181, 182, 184, 193, 194, 195, 215, 217, 218, 219, 220, 221], "excluded_lines": []}, "validate_config_files": {"executed_lines": [], "summary": {"covered_lines": 0, "num_statements": 23, "percent_covered": 0.0, "percent_covered_display": "0", "missing_lines": 23, "excluded_lines": 0}, "missing_lines": [231, 233, 236, 237, 238, 239, 241, 242, 243, 246, 247, 249, 250, 251, 252, 253, 254, 255, 256, 258, 259, 260, 262], "excluded_lines": []}, "safe_load_config": {"executed_lines": [], "summary": {"covered_lines": 0, "num_statements": 9, "percent_covered": 0.0, "percent_covered_display": "0", "missing_lines": 9, "excluded_lines": 0}, "missing_lines": [272, 273, 274, 275, 276, 277, 278, 279, 280], "excluded_lines": []}, "load_globals_only": {"executed_lines": [], "summary": {"covered_lines": 0, "num_statements": 22, "percent_covered": 0.0, "percent_covered_display": "0", "missing_lines": 22, "excluded_lines": 0}, "missing_lines": [284, 285, 286, 287, 288, 289, 290, 291, 292, 293, 294, 295, 296, 297, 298, 299, 300, 301, 302, 303, 304, 305], "excluded_lines": []}, "": {"executed_lines": [1, 2, 3, 4, 7, 8, 11, 29, 32, 33, 34, 37, 38, 41, 42, 43, 46, 60, 105, 224, 265, 282, 308, 309, 316], "summary": {"covered_lines": 24, "num_statements": 49, "percent_covered": 48.97959183673469, "percent_covered_display": "49", "missing_lines": 25, "excluded_lines": 0}, "missing_lines": [310, 311, 313, 314, 318, 320, 321, 323, 326, 328, 329, 330, 331, 332, 334, 335, 337, 338, 339, 340, 341, 343, 344, 347, 348], "excluded_lines": []}}, "classes": {"ConfigurationError": {"executed_lines": [], "summary": {"covered_lines": 0, "num_statements": 0, "percent_covered": 100.0, "percent_covered_display": "100", "missing_lines": 0, "excluded_lines": 0}, "missing_lines": [], "excluded_lines": []}, "": {"executed_lines": [1, 2, 3, 4, 7, 8, 11, 13, 29, 32, 33, 34, 37, 38, 41, 42, 43, 46, 60, 105, 115, 116, 118, 119, 120, 129, 131, 132, 134, 135, 136, 137, 139, 143, 144, 148, 149, 152, 153, 157, 158, 159, 160, 161, 170, 171, 172, 174, 175, 176, 177, 178, 179, 183, 187, 192, 199, 200, 202, 204, 205, 207, 210, 212, 214, 224, 265, 282, 308, 309, 316], "summary": {"covered_lines": 70, "num_statements": 196, "percent_covered": 35.714285714285715, "percent_covered_display": "36", "missing_lines": 126, "excluded_lines": 0}, "missing_lines": [47, 48, 49, 50, 51, 52, 53, 54, 56, 57, 58, 73, 74, 76, 77, 78, 79, 81, 82, 87, 92, 93, 94, 95, 100, 101, 103, 140, 145, 154, 162, 163, 166, 167, 180, 181, 182, 184, 193, 194, 195, 215, 217, 218, 219, 220, 221, 231, 233, 236, 237, 238, 239, 241, 242, 243, 246, 247, 249, 250, 251, 252, 253, 254, 255, 256, 258, 259, 260, 262, 272, 273, 274, 275, 276, 277, 278, 279, 280, 284, 285, 286, 287, 288, 289, 290, 291, 292, 293, 294, 295, 296, 297, 298, 299, 300, 301, 302, 303, 304, 305, 310, 311, 313, 314, 318, 320, 321, 323, 326, 328, 329, 330, 331, 332, 334, 335, 337, 338, 339, 340, 341, 343, 344, 347, 348], "excluded_lines": []}}}, "src\\portfolio_backtester\\config_schema.py": {"executed_lines": [1, 12, 14, 15, 16, 17, 18, 20, 23, 24, 25, 26, 27, 28, 29, 32, 33, 35, 36, 37, 40, 41, 53, 54, 64, 75, 76, 77, 78, 79, 81, 103, 108, 109, 110, 111, 113, 114, 115, 121, 124, 126, 127], "summary": {"covered_lines": 41, "num_statements": 64, "percent_covered": 64.0625, "percent_covered_display": "64", "missing_lines": 23, "excluded_lines": 0}, "missing_lines": [42, 51, 55, 63, 65, 72, 94, 112, 116, 117, 118, 119, 122, 128, 129, 130, 131, 132, 133, 134, 135, 136, 137], "excluded_lines": [], "functions": {"StrategyConfigSchema.validate_config": {"executed_lines": [37, 40, 41, 53, 54, 64, 75, 76, 77, 78, 79, 81, 103], "summary": {"covered_lines": 13, "num_statements": 20, "percent_covered": 65.0, "percent_covered_display": "65", "missing_lines": 7, "excluded_lines": 0}, "missing_lines": [42, 51, 55, 63, 65, 72, 94], "excluded_lines": []}, "StrategyConfigSchema.validate_yaml_file": {"executed_lines": [110, 111, 113, 114, 115, 121, 124], "summary": {"covered_lines": 7, "num_statements": 13, "percent_covered": 53.84615384615385, "percent_covered_display": "54", "missing_lines": 6, "excluded_lines": 0}, "missing_lines": [112, 116, 117, 118, 119, 122], "excluded_lines": []}, "StrategyConfigSchema.format_report": {"executed_lines": [], "summary": {"covered_lines": 0, "num_statements": 10, "percent_covered": 0.0, "percent_covered_display": "0", "missing_lines": 10, "excluded_lines": 0}, "missing_lines": [128, 129, 130, 131, 132, 133, 134, 135, 136, 137], "excluded_lines": []}, "": {"executed_lines": [1, 12, 14, 15, 16, 17, 18, 20, 23, 24, 25, 26, 27, 28, 29, 32, 33, 35, 36, 108, 109, 126, 127], "summary": {"covered_lines": 21, "num_statements": 21, "percent_covered": 100.0, "percent_covered_display": "100", "missing_lines": 0, "excluded_lines": 0}, "missing_lines": [], "excluded_lines": []}}, "classes": {"ValidationError": {"executed_lines": [], "summary": {"covered_lines": 0, "num_statements": 0, "percent_covered": 100.0, "percent_covered_display": "100", "missing_lines": 0, "excluded_lines": 0}, "missing_lines": [], "excluded_lines": []}, "StrategyConfigSchema": {"executed_lines": [37, 40, 41, 53, 54, 64, 75, 76, 77, 78, 79, 81, 103, 110, 111, 113, 114, 115, 121, 124], "summary": {"covered_lines": 20, "num_statements": 43, "percent_covered": 46.51162790697674, "percent_covered_display": "47", "missing_lines": 23, "excluded_lines": 0}, "missing_lines": [42, 51, 55, 63, 65, 72, 94, 112, 116, 117, 118, 119, 122, 128, 129, 130, 131, 132, 133, 134, 135, 136, 137], "excluded_lines": []}, "": {"executed_lines": [1, 12, 14, 15, 16, 17, 18, 20, 23, 24, 25, 26, 27, 28, 29, 32, 33, 35, 36, 108, 109, 126, 127], "summary": {"covered_lines": 21, "num_statements": 21, "percent_covered": 100.0, "percent_covered_display": "100", "missing_lines": 0, "excluded_lines": 0}, "missing_lines": [], "excluded_lines": []}}}, "src\\portfolio_backtester\\constants.py": {"executed_lines": [], "summary": {"covered_lines": 0, "num_statements": 1, "percent_covered": 0.0, "percent_covered_display": "0", "missing_lines": 1, "excluded_lines": 0}, "missing_lines": [1], "excluded_lines": [], "functions": {"": {"executed_lines": [], "summary": {"covered_lines": 0, "num_statements": 1, "percent_covered": 0.0, "percent_covered_display": "0", "missing_lines": 1, "excluded_lines": 0}, "missing_lines": [1], "excluded_lines": []}}, "classes": {"": {"executed_lines": [], "summary": {"covered_lines": 0, "num_statements": 1, "percent_covered": 0.0, "percent_covered_display": "0", "missing_lines": 1, "excluded_lines": 0}, "missing_lines": [1], "excluded_lines": []}}}, "src\\portfolio_backtester\\core.py": {"executed_lines": [1, 2, 3, 4, 5, 6, 8, 9, 10, 12, 13, 14, 15, 16, 17, 18, 19, 20, 21, 22, 24, 25, 27, 28, 29, 30, 32, 38, 39, 40, 47, 48, 49, 50, 52, 53, 55, 56, 57, 58, 59, 60, 61, 62, 63, 64, 65, 68, 69, 70, 71, 73, 74, 75, 76, 79, 80, 83, 84, 86, 87, 88, 98, 99, 100, 104, 106, 113, 115, 116, 119, 121, 122, 124, 126, 153, 154, 249, 322, 388, 396, 591, 736, 737, 738, 741, 744, 745, 746, 753, 754, 757, 758, 760, 761, 762, 773, 774, 775, 776, 777, 782, 785, 786, 789, 793, 796, 798, 804, 808, 810, 813, 815, 818, 820, 821, 823, 827, 830, 831, 832, 834, 846, 849, 852, 853, 855, 858, 859, 862, 865, 867, 870, 872, 875, 876, 877, 881, 882, 883, 886, 903, 905, 908, 909, 910, 911, 917, 919, 920, 922, 923, 927, 929, 939, 1112, 1239, 1252, 1253, 1256, 1258, 1259, 1260, 1262, 1286, 1288, 1290, 1296, 1302, 1304, 1305, 1311, 1313, 1317, 1320, 1323, 1325, 1326, 1327, 1328, 1339, 1342, 1344, 1345, 1346, 1347, 1348, 1357], "summary": {"covered_lines": 188, "num_statements": 685, "percent_covered": 27.445255474452555, "percent_covered_display": "27", "missing_lines": 497, "excluded_lines": 0}, "missing_lines": [51, 66, 72, 77, 81, 89, 90, 91, 107, 117, 118, 120, 123, 128, 129, 131, 133, 135, 136, 138, 139, 140, 141, 142, 174, 175, 176, 178, 182, 183, 184, 187, 188, 189, 190, 191, 192, 193, 194, 195, 197, 200, 202, 203, 204, 205, 208, 210, 211, 212, 214, 216, 219, 228, 231, 234, 235, 237, 239, 240, 241, 242, 243, 245, 246, 247, 262, 263, 265, 267, 268, 269, 270, 271, 272, 273, 274, 275, 276, 277, 278, 279, 280, 281, 283, 284, 285, 287, 288, 289, 292, 293, 299, 307, 308, 309, 310, 311, 314, 318, 323, 325, 326, 327, 328, 329, 331, 332, 333, 334, 335, 336, 337, 338, 340, 341, 342, 344, 346, 347, 349, 350, 351, 353, 355, 356, 357, 358, 359, 361, 362, 363, 364, 365, 366, 368, 370, 371, 373, 374, 375, 377, 378, 379, 380, 382, 384, 385, 386, 389, 394, 407, 408, 410, 411, 413, 414, 415, 418, 419, 425, 433, 434, 435, 436, 437, 440, 444, 445, 446, 447, 448, 449, 450, 451, 453, 462, 464, 467, 468, 470, 472, 474, 475, 476, 477, 480, 481, 482, 483, 485, 487, 493, 494, 496, 498, 500, 507, 508, 509, 517, 518, 519, 520, 521, 522, 528, 529, 531, 534, 535, 536, 537, 539, 544, 546, 548, 549, 551, 552, 553, 556, 557, 563, 571, 572, 573, 574, 575, 578, 582, 583, 584, 585, 586, 587, 588, 589, 602, 603, 605, 614, 615, 618, 619, 621, 623, 625, 626, 627, 628, 631, 632, 633, 634, 636, 638, 652, 653, 656, 658, 660, 661, 665, 666, 672, 675, 676, 677, 678, 679, 687, 689, 690, 693, 694, 695, 696, 697, 698, 703, 708, 709, 712, 714, 715, 717, 718, 719, 722, 723, 725, 728, 729, 730, 732, 733, 734, 739, 740, 742, 747, 748, 750, 763, 764, 767, 768, 769, 770, 771, 772, 778, 779, 790, 791, 805, 806, 811, 816, 822, 824, 828, 835, 836, 838, 839, 840, 842, 843, 844, 847, 850, 856, 863, 868, 871, 873, 878, 879, 884, 906, 912, 913, 914, 915, 916, 918, 957, 958, 959, 960, 961, 962, 963, 965, 966, 969, 971, 972, 974, 976, 980, 981, 982, 984, 986, 992, 999, 1000, 1003, 1004, 1006, 1009, 1017, 1020, 1037, 1043, 1044, 1045, 1046, 1053, 1055, 1061, 1069, 1070, 1071, 1074, 1075, 1077, 1082, 1083, 1085, 1102, 1103, 1105, 1106, 1107, 1108, 1109, 1110, 1125, 1128, 1129, 1130, 1133, 1134, 1135, 1137, 1138, 1140, 1142, 1145, 1146, 1152, 1153, 1159, 1160, 1161, 1162, 1163, 1164, 1168, 1169, 1170, 1171, 1172, 1173, 1179, 1180, 1181, 1182, 1183, 1184, 1185, 1187, 1189, 1190, 1191, 1192, 1193, 1196, 1197, 1199, 1202, 1204, 1205, 1208, 1209, 1210, 1211, 1212, 1213, 1215, 1221, 1227, 1229, 1234, 1235, 1237, 1264, 1265, 1266, 1268, 1273, 1274, 1275, 1276, 1278, 1279, 1280, 1281, 1282, 1297, 1298, 1307, 1308, 1314, 1315, 1331, 1332, 1333, 1336, 1350, 1351, 1353, 1354, 1355, 1359, 1360, 1364, 1372, 1373, 1375, 1376, 1377, 1378], "excluded_lines": [], "functions": {"Backtester.__init__": {"executed_lines": [47, 48, 49, 50, 52, 53, 55, 56, 57, 58, 59, 60, 61, 62, 63, 64, 65, 68, 69, 70, 71, 73, 74, 75, 76, 79, 80, 83, 84, 86, 87, 88], "summary": {"covered_lines": 32, "num_statements": 40, "percent_covered": 80.0, "percent_covered_display": "80", "missing_lines": 8, "excluded_lines": 0}, "missing_lines": [51, 66, 72, 77, 81, 89, 90, 91], "excluded_lines": []}, "Backtester.has_timed_out": {"executed_lines": [100], "summary": {"covered_lines": 1, "num_statements": 1, "percent_covered": 100.0, "percent_covered_display": "100", "missing_lines": 0, "excluded_lines": 0}, "missing_lines": [], "excluded_lines": []}, "Backtester._get_strategy": {"executed_lines": [106, 113, 115, 116, 119, 121, 122, 124], "summary": {"covered_lines": 8, "num_statements": 13, "percent_covered": 61.53846153846154, "percent_covered_display": "62", "missing_lines": 5, "excluded_lines": 0}, "missing_lines": [107, 117, 118, 120, 123], "excluded_lines": []}, "Backtester._initialize_monte_carlo_components": {"executed_lines": [], "summary": {"covered_lines": 0, "num_statements": 11, "percent_covered": 0.0, "percent_covered_display": "0", "missing_lines": 11, "excluded_lines": 0}, "missing_lines": [128, 129, 131, 133, 135, 136, 138, 139, 140, 141, 142], "excluded_lines": []}, "Backtester.run_scenario": {"executed_lines": [], "summary": {"covered_lines": 0, "num_statements": 42, "percent_covered": 0.0, "percent_covered_display": "0", "missing_lines": 42, "excluded_lines": 0}, "missing_lines": [174, 175, 176, 178, 182, 183, 184, 187, 188, 189, 190, 191, 192, 193, 194, 195, 197, 200, 202, 203, 204, 205, 208, 210, 211, 212, 214, 216, 219, 228, 231, 234, 235, 237, 239, 240, 241, 242, 243, 245, 246, 247], "excluded_lines": []}, "Backtester._evaluate_walk_forward_fast": {"executed_lines": [], "summary": {"covered_lines": 0, "num_statements": 34, "percent_covered": 0.0, "percent_covered_display": "0", "missing_lines": 34, "excluded_lines": 0}, "missing_lines": [262, 263, 265, 267, 268, 269, 270, 271, 272, 273, 274, 275, 276, 277, 278, 279, 280, 281, 283, 284, 285, 287, 288, 289, 292, 293, 299, 307, 308, 309, 310, 311, 314, 318], "excluded_lines": []}, "Backtester._evaluate_single_window": {"executed_lines": [], "summary": {"covered_lines": 0, "num_statements": 49, "percent_covered": 0.0, "percent_covered_display": "0", "missing_lines": 49, "excluded_lines": 0}, "missing_lines": [323, 325, 326, 327, 328, 329, 331, 332, 333, 334, 335, 336, 337, 338, 340, 341, 342, 344, 346, 347, 349, 350, 351, 353, 355, 356, 357, 358, 359, 361, 362, 363, 364, 365, 366, 368, 370, 371, 373, 374, 375, 377, 378, 379, 380, 382, 384, 385, 386], "excluded_lines": []}, "Backtester._get_monte_carlo_trial_threshold": {"executed_lines": [], "summary": {"covered_lines": 0, "num_statements": 2, "percent_covered": 0.0, "percent_covered_display": "0", "missing_lines": 2, "excluded_lines": 0}, "missing_lines": [389, 394], "excluded_lines": []}, "Backtester.evaluate_fast": {"executed_lines": [], "summary": {"covered_lines": 0, "num_statements": 87, "percent_covered": 0.0, "percent_covered_display": "0", "missing_lines": 87, "excluded_lines": 0}, "missing_lines": [407, 408, 410, 411, 413, 414, 415, 418, 419, 425, 433, 434, 435, 436, 437, 440, 444, 445, 446, 447, 448, 449, 450, 451, 453, 462, 464, 467, 468, 470, 472, 474, 475, 476, 477, 480, 481, 482, 483, 485, 487, 493, 494, 496, 498, 500, 507, 508, 509, 517, 518, 519, 520, 521, 522, 528, 529, 531, 534, 535, 536, 537, 539, 544, 546, 548, 549, 551, 552, 553, 556, 557, 563, 571, 572, 573, 574, 575, 578, 582, 583, 584, 585, 586, 587, 588, 589], "excluded_lines": []}, "Backtester.evaluate_fast_numba": {"executed_lines": [], "summary": {"covered_lines": 0, "num_statements": 60, "percent_covered": 0.0, "percent_covered_display": "0", "missing_lines": 60, "excluded_lines": 0}, "missing_lines": [602, 603, 605, 614, 615, 618, 619, 621, 623, 625, 626, 627, 628, 631, 632, 633, 634, 636, 638, 652, 653, 656, 658, 660, 661, 665, 666, 672, 675, 676, 677, 678, 679, 687, 689, 690, 693, 694, 695, 696, 697, 698, 703, 708, 709, 712, 714, 715, 717, 718, 719, 722, 723, 725, 728, 729, 730, 732, 733, 734], "excluded_lines": []}, "Backtester.run": {"executed_lines": [738, 741, 744, 745, 746, 753, 754, 757, 758, 760, 761, 762, 773, 774, 775, 776, 777, 782, 785, 786, 789, 793, 796, 798, 804, 808, 810, 813, 815, 818, 820, 821, 823, 827, 830, 831, 832, 834, 846, 849, 852, 853, 855, 858, 859, 862, 865, 867, 870, 872, 875, 876, 877, 881, 882, 883], "summary": {"covered_lines": 56, "num_statements": 99, "percent_covered": 56.56565656565657, "percent_covered_display": "57", "missing_lines": 43, "excluded_lines": 0}, "missing_lines": [739, 740, 742, 747, 748, 750, 763, 764, 767, 768, 769, 770, 771, 772, 778, 779, 790, 791, 805, 806, 811, 816, 822, 824, 828, 835, 836, 838, 839, 840, 842, 843, 844, 847, 850, 856, 863, 868, 871, 873, 878, 879, 884], "excluded_lines": []}, "Backtester._run_backtest_mode_new_architecture": {"executed_lines": [903, 905, 908, 909, 910, 911, 917, 919, 920, 922, 923, 927, 929], "summary": {"covered_lines": 13, "num_statements": 20, "percent_covered": 65.0, "percent_covered_display": "65", "missing_lines": 7, "excluded_lines": 0}, "missing_lines": [906, 912, 913, 914, 915, 916, 918], "excluded_lines": []}, "Backtester._run_optimize_mode_new_architecture": {"executed_lines": [], "summary": {"covered_lines": 0, "num_statements": 53, "percent_covered": 0.0, "percent_covered_display": "0", "missing_lines": 53, "excluded_lines": 0}, "missing_lines": [957, 958, 959, 960, 961, 962, 963, 965, 966, 969, 971, 972, 974, 976, 980, 981, 982, 984, 986, 992, 999, 1000, 1003, 1004, 1006, 1009, 1017, 1020, 1037, 1043, 1044, 1045, 1046, 1053, 1055, 1061, 1069, 1070, 1071, 1074, 1075, 1077, 1082, 1083, 1085, 1102, 1103, 1105, 1106, 1107, 1108, 1109, 1110], "excluded_lines": []}, "Backtester._convert_optimization_specs_to_parameter_space": {"executed_lines": [], "summary": {"covered_lines": 0, "num_statements": 59, "percent_covered": 0.0, "percent_covered_display": "0", "missing_lines": 59, "excluded_lines": 0}, "missing_lines": [1125, 1128, 1129, 1130, 1133, 1134, 1135, 1137, 1138, 1140, 1142, 1145, 1146, 1152, 1153, 1159, 1160, 1161, 1162, 1163, 1164, 1168, 1169, 1170, 1171, 1172, 1173, 1179, 1180, 1181, 1182, 1183, 1184, 1185, 1187, 1189, 1190, 1191, 1192, 1193, 1196, 1197, 1199, 1202, 1204, 1205, 1208, 1209, 1210, 1211, 1212, 1213, 1215, 1221, 1227, 1229, 1234, 1235, 1237], "excluded_lines": []}, "Backtester._determine_optimal_start_date": {"executed_lines": [1252, 1253, 1256, 1258, 1259, 1260, 1262, 1286, 1288, 1290, 1296, 1302, 1304, 1305, 1311, 1313, 1317, 1320, 1323, 1325, 1326, 1327, 1328, 1339, 1342, 1344, 1345, 1346, 1347, 1348], "summary": {"covered_lines": 30, "num_statements": 58, "percent_covered": 51.724137931034484, "percent_covered_display": "52", "missing_lines": 28, "excluded_lines": 0}, "missing_lines": [1264, 1265, 1266, 1268, 1273, 1274, 1275, 1276, 1278, 1279, 1280, 1281, 1282, 1297, 1298, 1307, 1308, 1314, 1315, 1331, 1332, 1333, 1336, 1350, 1351, 1353, 1354, 1355], "excluded_lines": []}, "Backtester.evaluate_trial_parameters": {"executed_lines": [], "summary": {"covered_lines": 0, "num_statements": 9, "percent_covered": 0.0, "percent_covered_display": "0", "missing_lines": 9, "excluded_lines": 0}, "missing_lines": [1359, 1360, 1364, 1372, 1373, 1375, 1376, 1377, 1378], "excluded_lines": []}, "": {"executed_lines": [1, 2, 3, 4, 5, 6, 8, 9, 10, 12, 13, 14, 15, 16, 17, 18, 19, 20, 21, 22, 24, 25, 27, 28, 29, 30, 32, 38, 39, 40, 98, 99, 104, 126, 153, 154, 249, 322, 388, 396, 591, 736, 737, 886, 939, 1112, 1239, 1357], "summary": {"covered_lines": 48, "num_statements": 48, "percent_covered": 100.0, "percent_covered_display": "100", "missing_lines": 0, "excluded_lines": 0}, "missing_lines": [], "excluded_lines": []}}, "classes": {"Backtester": {"executed_lines": [47, 48, 49, 50, 52, 53, 55, 56, 57, 58, 59, 60, 61, 62, 63, 64, 65, 68, 69, 70, 71, 73, 74, 75, 76, 79, 80, 83, 84, 86, 87, 88, 100, 106, 113, 115, 116, 119, 121, 122, 124, 738, 741, 744, 745, 746, 753, 754, 757, 758, 760, 761, 762, 773, 774, 775, 776, 777, 782, 785, 786, 789, 793, 796, 798, 804, 808, 810, 813, 815, 818, 820, 821, 823, 827, 830, 831, 832, 834, 846, 849, 852, 853, 855, 858, 859, 862, 865, 867, 870, 872, 875, 876, 877, 881, 882, 883, 903, 905, 908, 909, 910, 911, 917, 919, 920, 922, 923, 927, 929, 1252, 1253, 1256, 1258, 1259, 1260, 1262, 1286, 1288, 1290, 1296, 1302, 1304, 1305, 1311, 1313, 1317, 1320, 1323, 1325, 1326, 1327, 1328, 1339, 1342, 1344, 1345, 1346, 1347, 1348], "summary": {"covered_lines": 140, "num_statements": 637, "percent_covered": 21.978021978021978, "percent_covered_display": "22", "missing_lines": 497, "excluded_lines": 0}, "missing_lines": [51, 66, 72, 77, 81, 89, 90, 91, 107, 117, 118, 120, 123, 128, 129, 131, 133, 135, 136, 138, 139, 140, 141, 142, 174, 175, 176, 178, 182, 183, 184, 187, 188, 189, 190, 191, 192, 193, 194, 195, 197, 200, 202, 203, 204, 205, 208, 210, 211, 212, 214, 216, 219, 228, 231, 234, 235, 237, 239, 240, 241, 242, 243, 245, 246, 247, 262, 263, 265, 267, 268, 269, 270, 271, 272, 273, 274, 275, 276, 277, 278, 279, 280, 281, 283, 284, 285, 287, 288, 289, 292, 293, 299, 307, 308, 309, 310, 311, 314, 318, 323, 325, 326, 327, 328, 329, 331, 332, 333, 334, 335, 336, 337, 338, 340, 341, 342, 344, 346, 347, 349, 350, 351, 353, 355, 356, 357, 358, 359, 361, 362, 363, 364, 365, 366, 368, 370, 371, 373, 374, 375, 377, 378, 379, 380, 382, 384, 385, 386, 389, 394, 407, 408, 410, 411, 413, 414, 415, 418, 419, 425, 433, 434, 435, 436, 437, 440, 444, 445, 446, 447, 448, 449, 450, 451, 453, 462, 464, 467, 468, 470, 472, 474, 475, 476, 477, 480, 481, 482, 483, 485, 487, 493, 494, 496, 498, 500, 507, 508, 509, 517, 518, 519, 520, 521, 522, 528, 529, 531, 534, 535, 536, 537, 539, 544, 546, 548, 549, 551, 552, 553, 556, 557, 563, 571, 572, 573, 574, 575, 578, 582, 583, 584, 585, 586, 587, 588, 589, 602, 603, 605, 614, 615, 618, 619, 621, 623, 625, 626, 627, 628, 631, 632, 633, 634, 636, 638, 652, 653, 656, 658, 660, 661, 665, 666, 672, 675, 676, 677, 678, 679, 687, 689, 690, 693, 694, 695, 696, 697, 698, 703, 708, 709, 712, 714, 715, 717, 718, 719, 722, 723, 725, 728, 729, 730, 732, 733, 734, 739, 740, 742, 747, 748, 750, 763, 764, 767, 768, 769, 770, 771, 772, 778, 779, 790, 791, 805, 806, 811, 816, 822, 824, 828, 835, 836, 838, 839, 840, 842, 843, 844, 847, 850, 856, 863, 868, 871, 873, 878, 879, 884, 906, 912, 913, 914, 915, 916, 918, 957, 958, 959, 960, 961, 962, 963, 965, 966, 969, 971, 972, 974, 976, 980, 981, 982, 984, 986, 992, 999, 1000, 1003, 1004, 1006, 1009, 1017, 1020, 1037, 1043, 1044, 1045, 1046, 1053, 1055, 1061, 1069, 1070, 1071, 1074, 1075, 1077, 1082, 1083, 1085, 1102, 1103, 1105, 1106, 1107, 1108, 1109, 1110, 1125, 1128, 1129, 1130, 1133, 1134, 1135, 1137, 1138, 1140, 1142, 1145, 1146, 1152, 1153, 1159, 1160, 1161, 1162, 1163, 1164, 1168, 1169, 1170, 1171, 1172, 1173, 1179, 1180, 1181, 1182, 1183, 1184, 1185, 1187, 1189, 1190, 1191, 1192, 1193, 1196, 1197, 1199, 1202, 1204, 1205, 1208, 1209, 1210, 1211, 1212, 1213, 1215, 1221, 1227, 1229, 1234, 1235, 1237, 1264, 1265, 1266, 1268, 1273, 1274, 1275, 1276, 1278, 1279, 1280, 1281, 1282, 1297, 1298, 1307, 1308, 1314, 1315, 1331, 1332, 1333, 1336, 1350, 1351, 1353, 1354, 1355, 1359, 1360, 1364, 1372, 1373, 1375, 1376, 1377, 1378], "excluded_lines": []}, "": {"executed_lines": [1, 2, 3, 4, 5, 6, 8, 9, 10, 12, 13, 14, 15, 16, 17, 18, 19, 20, 21, 22, 24, 25, 27, 28, 29, 30, 32, 38
[...]
issing_lines": [], "excluded_lines": []}, "": {"executed_lines": [1, 28, 29, 30, 31, 32, 33, 35, 38, 42, 45, 46, 47, 50, 60, 61, 64, 65, 68, 71, 84, 85, 87, 88, 90, 91, 93, 94, 95, 97, 98, 101, 104, 105, 108, 109, 110, 112, 118, 119, 120, 121, 123, 124, 127, 128, 129, 130, 131, 132, 134, 135, 136, 138, 141, 142, 143, 156, 157, 160, 161, 162, 165, 167, 169, 170, 171, 172, 174, 176, 182, 195, 196, 198, 199, 200, 201, 204, 205, 206, 207, 208, 209, 211, 212, 215, 222, 223, 224, 226, 227, 228, 230, 231, 234, 244, 245, 247, 248, 249, 252, 254, 255, 258, 271, 273, 274, 276, 287], "summary": {"covered_lines": 107, "num_statements": 111, "percent_covered": 96.3963963963964, "percent_covered_display": "96", "missing_lines": 4, "excluded_lines": 0}, "missing_lines": [114, 115, 177, 179], "excluded_lines": []}}}, "src\\portfolio_backtester\\universe_resolver.py": {"executed_lines": [1, 2, 4, 6, 20, 28, 40, 42, 43, 45, 46, 48, 49, 51, 52, 54, 55, 57, 58, 63, 64, 68, 70, 71, 72, 73, 75, 76, 78, 79, 80, 81, 82, 83, 85, 87, 88, 90, 91, 92, 94, 95, 97, 98, 100, 101, 102, 103, 104, 106, 107, 109, 112, 113, 114, 116, 117, 120], "summary": {"covered_lines": 58, "num_statements": 66, "percent_covered": 87.87878787878788, "percent_covered_display": "88", "missing_lines": 8, "excluded_lines": 0}, "missing_lines": [32, 36, 37, 38, 65, 66, 84, 110], "excluded_lines": [], "functions": {"resolve_universe_config": {"executed_lines": [20, 28, 40, 42, 43, 45, 46, 48, 49, 51, 52, 54, 55, 57, 58, 63, 64, 68, 70, 71, 72, 73, 75, 76, 78, 79, 80, 81, 82, 83, 85, 87, 88, 90, 91, 92, 94, 95, 97, 98, 100, 101, 102, 103, 104, 106, 107, 109, 112, 113, 114, 116, 117, 120], "summary": {"covered_lines": 54, "num_statements": 62, "percent_covered": 87.09677419354838, "percent_covered_display": "87", "missing_lines": 8, "excluded_lines": 0}, "missing_lines": [32, 36, 37, 38, 65, 66, 84, 110], "excluded_lines": []}, "": {"executed_lines": [1, 2, 4, 6], "summary": {"covered_lines": 4, "num_statements": 4, "percent_covered": 100.0, "percent_covered_display": "100", "missing_lines": 0, "excluded_lines": 0}, "missing_lines": [], "excluded_lines": []}}, "classes": {"": {"executed_lines": [1, 2, 4, 6, 20, 28, 40, 42, 43, 45, 46, 48, 49, 51, 52, 54, 55, 57, 58, 63, 64, 68, 70, 71, 72, 73, 75, 76, 78, 79, 80, 81, 82, 83, 85, 87, 88, 90, 91, 92, 94, 95, 97, 98, 100, 101, 102, 103, 104, 106, 107, 109, 112, 113, 114, 116, 117, 120], "summary": {"covered_lines": 58, "num_statements": 66, "percent_covered": 87.87878787878788, "percent_covered_display": "88", "missing_lines": 8, "excluded_lines": 0}, "missing_lines": [32, 36, 37, 38, 65, 66, 84, 110], "excluded_lines": []}}}, "src\\portfolio_backtester\\utils\\__init__.py": {"executed_lines": [1, 2, 3, 5, 6, 8, 9, 11, 12, 15, 18, 20, 31, 33, 34, 35, 41, 42, 44, 51, 53, 56, 57, 60, 143, 149, 163, 164, 165, 168, 169, 170, 173, 174, 175, 178, 179, 180, 182, 183, 184, 185, 186, 187, 189, 198, 199, 200, 204, 207, 209, 211, 212, 214, 217, 218, 219, 220, 221, 223, 224, 234, 235, 236, 238, 239, 241, 242, 245, 246, 248, 249, 250, 251, 258, 259, 262, 263, 266, 267, 270, 271, 273, 283, 284, 286, 289, 290, 292, 296, 299, 311, 312, 313, 315, 317, 318, 319, 321, 322, 323, 324, 325, 326, 328, 329, 332, 335, 338, 339, 341, 342, 343, 344, 346, 353], "summary": {"covered_lines": 116, "num_statements": 169, "percent_covered": 68.63905325443787, "percent_covered_display": "69", "missing_lines": 53, "excluded_lines": 0}, "missing_lines": [26, 28, 29, 36, 38, 45, 54, 83, 84, 86, 87, 88, 89, 92, 93, 99, 101, 103, 111, 112, 113, 115, 122, 123, 126, 131, 132, 135, 136, 138, 145, 146, 147, 293, 294, 373, 374, 376, 377, 380, 381, 382, 383, 384, 387, 388, 389, 390, 392, 395, 396, 399, 400], "excluded_lines": [], "functions": {"handle_interrupt": {"executed_lines": [], "summary": {"covered_lines": 0, "num_statements": 3, "percent_covered": 0.0, "percent_covered_display": "0", "missing_lines": 3, "excluded_lines": 0}, "missing_lines": [26, 28, 29], "excluded_lines": []}, "register_signal_handler": {"executed_lines": [33, 34, 35], "summary": {"covered_lines": 3, "num_statements": 5, "percent_covered": 60.0, "percent_covered_display": "60", "missing_lines": 2, "excluded_lines": 0}, "missing_lines": [36, 38], "excluded_lines": []}, "_resolve_strategy": {"executed_lines": [44, 51, 53, 56, 57], "summary": {"covered_lines": 5, "num_statements": 7, "percent_covered": 71.42857142857143, "percent_covered_display": "71", "missing_lines": 2, "excluded_lines": 0}, "missing_lines": [45, 54], "excluded_lines": []}, "_run_scenario_static": {"executed_lines": [], "summary": {"covered_lines": 0, "num_statements": 23, "percent_covered": 0.0, "percent_covered_display": "0", "missing_lines": 23, "excluded_lines": 0}, "missing_lines": [83, 84, 86, 87, 88, 89, 92, 93, 99, 101, 103, 111, 112, 113, 115, 122, 123, 126, 131, 132, 135, 136, 138], "excluded_lines": []}, "_get_trading_days_in_month": {"executed_lines": [], "summary": {"covered_lines": 0, "num_statements": 3, "percent_covered": 0.0, "percent_covered_display": "0", "missing_lines": 3, "excluded_lines": 0}, "missing_lines": [145, 146, 147], "excluded_lines": []}, "generate_randomized_wfo_windows": {"executed_lines": [163, 164, 165, 168, 169, 170, 173, 174, 175, 178, 179, 180, 182, 183, 184, 185, 186, 187, 189, 198, 199, 200, 204, 207, 209, 211, 212, 214, 217, 218, 219, 220, 221, 223, 224, 234, 235, 236, 238, 239, 241, 242, 245, 246, 248, 249, 250, 251, 258, 259, 262, 263, 266, 267, 270, 271, 273, 283, 284, 286, 289, 290, 292, 296], "summary": {"covered_lines": 64, "num_statements": 66, "percent_covered": 96.96969696969697, "percent_covered_display": "97", "missing_lines": 2, "excluded_lines": 0}, "missing_lines": [293, 294], "excluded_lines": []}, "calculate_stability_metrics": {"executed_lines": [311, 312, 313, 315, 317, 318, 319, 321, 322, 323, 324, 325, 326, 328, 329, 332, 335, 338, 339, 341, 342, 343, 344, 346], "summary": {"covered_lines": 24, "num_statements": 24, "percent_covered": 100.0, "percent_covered_display": "100", "missing_lines": 0, "excluded_lines": 0}, "missing_lines": [], "excluded_lines": []}, "_df_to_float32_array": {"executed_lines": [], "summary": {"covered_lines": 0, "num_statements": 18, "percent_covered": 0.0, "percent_covered_display": "0", "missing_lines": 18, "excluded_lines": 0}, "missing_lines": [373, 374, 376, 377, 380, 381, 382, 383, 384, 387, 388, 389, 390, 392, 395, 396, 399, 400], "excluded_lines": []}, "": {"executed_lines": [1, 2, 3, 5, 6, 8, 9, 11, 12, 15, 18, 20, 31, 41, 42, 60, 143, 149, 299, 353], "summary": {"covered_lines": 20, "num_statements": 20, "percent_covered": 100.0, "percent_covered_display": "100", "missing_lines": 0, "excluded_lines": 0}, "missing_lines": [], "excluded_lines": []}}, "classes": {"": {"executed_lines": [1, 2, 3, 5, 6, 8, 9, 11, 12, 15, 18, 20, 31, 33, 34, 35, 41, 42, 44, 51, 53, 56, 57, 60, 143, 149, 163, 164, 165, 168, 169, 170, 173, 174, 175, 178, 179, 180, 182, 183, 184, 185, 186, 187, 189, 198, 199, 200, 204, 207, 209, 211, 212, 214, 217, 218, 219, 220, 221, 223, 224, 234, 235, 236, 238, 239, 241, 242, 245, 246, 248, 249, 250, 251, 258, 259, 262, 263, 266, 267, 270, 271, 273, 283, 284, 286, 289, 290, 292, 296, 299, 311, 312, 313, 315, 317, 318, 319, 321, 322, 323, 324, 325, 326, 328, 329, 332, 335, 338, 339, 341, 342, 343, 344, 346, 353], "summary": {"covered_lines": 116, "num_statements": 169, "percent_covered": 68.63905325443787, "percent_covered_display": "69", "missing_lines": 53, "excluded_lines": 0}, "missing_lines": [26, 28, 29, 36, 38, 45, 54, 83, 84, 86, 87, 88, 89, 92, 93, 99, 101, 103, 111, 112, 113, 115, 122, 123, 126, 131, 132, 135, 136, 138, 145, 146, 147, 293, 294, 373, 374, 376, 377, 380, 381, 382, 383, 384, 387, 388, 389, 390, 392, 395, 396, 399, 400], "excluded_lines": []}}}, "src\\portfolio_backtester\\utils\\price_data_utils.py": {"executed_lines": [1, 7, 8, 9, 12, 43, 48, 51, 55, 64, 67, 95], "summary": {"covered_lines": 11, "num_statements": 28, "percent_covered": 39.285714285714285, "percent_covered_display": "39", "missing_lines": 17, "excluded_lines": 0}, "missing_lines": [45, 52, 56, 58, 61, 83, 84, 87, 89, 90, 92, 110, 111, 113, 116, 117, 119], "excluded_lines": [], "functions": {"extract_current_prices": {"executed_lines": [43, 48, 51, 55, 64], "summary": {"covered_lines": 5, "num_statements": 10, "percent_covered": 50.0, "percent_covered_display": "50", "missing_lines": 5, "excluded_lines": 0}, "missing_lines": [45, 52, 56, 58, 61], "excluded_lines": []}, "validate_price_data_sufficiency": {"executed_lines": [], "summary": {"covered_lines": 0, "num_statements": 6, "percent_covered": 0.0, "percent_covered_display": "0", "missing_lines": 6, "excluded_lines": 0}, "missing_lines": [83, 84, 87, 89, 90, 92], "excluded_lines": []}, "normalize_price_series_to_dataframe": {"executed_lines": [], "summary": {"covered_lines": 0, "num_statements": 6, "percent_covered": 0.0, "percent_covered_display": "0", "missing_lines": 6, "excluded_lines": 0}, "missing_lines": [110, 111, 113, 116, 117, 119], "excluded_lines": []}, "": {"executed_lines": [1, 7, 8, 9, 12, 67, 95], "summary": {"covered_lines": 6, "num_statements": 6, "percent_covered": 100.0, "percent_covered_display": "100", "missing_lines": 0, "excluded_lines": 0}, "missing_lines": [], "excluded_lines": []}}, "classes": {"": {"executed_lines": [1, 7, 8, 9, 12, 43, 48, 51, 55, 64, 67, 95], "summary": {"covered_lines": 11, "num_statements": 28, "percent_covered": 39.285714285714285, "percent_covered_display": "39", "missing_lines": 17, "excluded_lines": 0}, "missing_lines": [45, 52, 56, 58, 61, 83, 84, 87, 89, 90, 92, 110, 111, 113, 116, 117, 119], "excluded_lines": []}}}, "src\\portfolio_backtester\\utils\\timeout.py": {"executed_lines": [1, 2, 4, 8, 9, 10, 12, 15, 16, 18, 19, 20, 22, 23, 27, 28, 29, 31], "summary": {"covered_lines": 18, "num_statements": 24, "percent_covered": 75.0, "percent_covered_display": "75", "missing_lines": 6, "excluded_lines": 0}, "missing_lines": [17, 21, 24, 25, 26, 33], "excluded_lines": [], "functions": {"TimeoutManager.__init__": {"executed_lines": [10, 12], "summary": {"covered_lines": 2, "num_statements": 2, "percent_covered": 100.0, "percent_covered_display": "100", "missing_lines": 0, "excluded_lines": 0}, "missing_lines": [], "excluded_lines": []}, "TimeoutManager.check_timeout": {"executed_lines": [16, 18, 19, 20, 22, 23, 27, 28, 29], "summary": {"covered_lines": 9, "num_statements": 14, "percent_covered": 64.28571428571429, "percent_covered_display": "64", "missing_lines": 5, "excluded_lines": 0}, "missing_lines": [17, 21, 24, 25, 26], "excluded_lines": []}, "TimeoutManager.reset": {"executed_lines": [], "summary": {"covered_lines": 0, "num_statements": 1, "percent_covered": 0.0, "percent_covered_display": "0", "missing_lines": 1, "excluded_lines": 0}, "missing_lines": [33], "excluded_lines": []}, "": {"executed_lines": [1, 2, 4, 8, 9, 15, 31], "summary": {"covered_lines": 7, "num_statements": 7, "percent_covered": 100.0, "percent_covered_display": "100", "missing_lines": 0, "excluded_lines": 0}, "missing_lines": [], "excluded_lines": []}}, "classes": {"TimeoutManager": {"executed_lines": [10, 12, 16, 18, 19, 20, 22, 23, 27, 28, 29], "summary": {"covered_lines": 11, "num_statements": 17, "percent_covered": 64.70588235294117, "percent_covered_display": "65", "missing_lines": 6, "excluded_lines": 0}, "missing_lines": [17, 21, 24, 25, 26, 33], "excluded_lines": []}, "": {"executed_lines": [1, 2, 4, 8, 9, 15, 31], "summary": {"covered_lines": 7, "num_statements": 7, "percent_covered": 100.0, "percent_covered_display": "100", "missing_lines": 0, "excluded_lines": 0}, "missing_lines": [], "excluded_lines": []}}}, "src\\portfolio_backtester\\yaml_lint.py": {"executed_lines": [], "summary": {"covered_lines": 0, "num_statements": 63, "percent_covered": 0.0, "percent_covered_display": "0", "missing_lines": 63, "excluded_lines": 0}, "missing_lines": [9, 10, 11, 12, 14, 17, 28, 29, 31, 32, 33, 35, 37, 38, 39, 40, 42, 43, 44, 46, 49, 51, 63, 69, 75, 81, 87, 90, 91, 93, 94, 97, 98, 99, 100, 101, 102, 103, 104, 105, 107, 108, 111, 112, 113, 114, 116, 117, 118, 119, 120, 123, 124, 125, 127, 129, 130, 131, 132, 134, 136, 139, 140], "excluded_lines": [], "functions": {"lint_files": {"executed_lines": [], "summary": {"covered_lines": 0, "num_statements": 14, "percent_covered": 0.0, "percent_covered_display": "0", "missing_lines": 14, "excluded_lines": 0}, "missing_lines": [28, 29, 31, 32, 33, 35, 37, 38, 39, 40, 42, 43, 44, 46], "excluded_lines": []}, "main": {"executed_lines": [], "summary": {"covered_lines": 0, "num_statements": 40, "percent_covered": 0.0, "percent_covered_display": "0", "missing_lines": 40, "excluded_lines": 0}, "missing_lines": [51, 63, 69, 75, 81, 87, 90, 91, 93, 94, 97, 98, 99, 100, 101, 102, 103, 104, 105, 107, 108, 111, 112, 113, 114, 116, 117, 118, 119, 120, 123, 124, 125, 127, 129, 130, 131, 132, 134, 136], "excluded_lines": []}, "": {"executed_lines": [], "summary": {"covered_lines": 0, "num_statements": 9, "percent_covered": 0.0, "percent_covered_display": "0", "missing_lines": 9, "excluded_lines": 0}, "missing_lines": [9, 10, 11, 12, 14, 17, 49, 139, 140], "excluded_lines": []}}, "classes": {"": {"executed_lines": [], "summary": {"covered_lines": 0, "num_statements": 63, "percent_covered": 0.0, "percent_covered_display": "0", "missing_lines": 63, "excluded_lines": 0}, "missing_lines": [9, 10, 11, 12, 14, 17, 28, 29, 31, 32, 33, 35, 37, 38, 39, 40, 42, 43, 44, 46, 49, 51, 63, 69, 75, 81, 87, 90, 91, 93, 94, 97, 98, 99, 100, 101, 102, 103, 104, 105, 107, 108, 111, 112, 113, 114, 116, 117, 118, 119, 120, 123, 124, 125, 127, 129, 130, 131, 132, 134, 136, 139, 140], "excluded_lines": []}}}, "src\\portfolio_backtester\\yaml_validator.py": {"executed_lines": [1, 8, 9, 10, 11, 12, 15, 16, 17, 18, 19, 20, 21, 22, 25, 26, 27, 28, 29, 30, 31, 32, 33, 34, 37, 38, 42, 43, 45, 55, 56, 59, 60, 66, 67, 70, 80, 82, 83, 104, 106, 117, 119, 122, 123, 129, 130, 132, 134, 136, 137, 138, 150, 162, 165, 166, 167, 168, 171, 172, 173, 175, 176, 177, 179, 182, 184, 204, 217, 219, 220, 225, 226, 229, 232, 235, 236, 238, 239, 269, 294, 304, 307, 308, 309, 310, 312, 313, 314, 315, 317, 318, 320, 322, 323, 324, 325, 327, 328, 330, 332, 333, 335, 338, 348, 349, 350, 352, 355, 365, 367, 368, 373], "summary": {"covered_lines": 109, "num_statements": 159, "percent_covered": 68.55345911949685, "percent_covered_display": "69", "missing_lines": 50, "excluded_lines": 0}, "missing_lines": [71, 77, 78, 84, 85, 91, 92, 93, 94, 100, 101, 139, 141, 147, 148, 195, 197, 222, 230, 233, 241, 242, 244, 245, 247, 248, 249, 251, 253, 254, 257, 258, 259, 260, 263, 264, 266, 279, 281, 282, 285, 286, 290, 305, 370, 375, 377, 378, 379, 381], "excluded_lines": [], "functions": {"YamlValidator.__init__": {"executed_lines": [43], "summary": {"covered_lines": 1, "num_statements": 1, "percent_covered": 100.0, "percent_covered_display": "100", "missing_lines": 0, "excluded_lines": 0}, "missing_lines": [], "excluded_lines": []}, "YamlValidator.validate_file": {"executed_lines": [55, 56, 59, 60, 66, 67, 70, 80, 82, 83, 104], "summary": {"covered_lines": 11, "num_statements": 22, "percent_covered": 50.0, "percent_covered_display": "50", "missing_lines": 11, "excluded_lines": 0}, "missing_lines": [71, 77, 78, 84, 85, 91, 92, 93, 94, 100, 101], "excluded_lines": []}, "YamlValidator._validate_yaml_content": {"executed_lines": [117, 119, 122, 123, 129, 130, 132, 134, 136, 137, 138], "summary": {"covered_lines": 11, "num_statements": 15, "percent_covered": 73.33333333333333, "percent_covered_display": "73", "missing_lines": 4, "excluded_lines": 0}, "missing_lines": [139, 141, 147, 148], "excluded_lines": []}, "YamlValidator._parse_yaml_error": {"executed_lines": [162, 165, 166, 167, 168, 171, 172, 173, 175, 176, 177, 179, 182, 184], "summary": {"covered_lines": 14, "num_statements": 16, "percent_covered": 87.5, "percent_covered_display": "88", "missing_lines": 2, "excluded_lines": 0}, "missing_lines": [195, 197], "excluded_lines": []}, "YamlValidator._generate_suggestion": {"executed_lines": [217, 219, 220, 225, 226, 229, 232, 235, 236, 238, 239], "summary": {"covered_lines": 11, "num_statements": 31, "percent_covered": 35.483870967741936, "percent_covered_display": "35", "missing_lines": 20, "excluded_lines": 0}, "missing_lines": [222, 230, 233, 241, 242, 244, 245, 247, 248, 249, 251, 253, 254, 257, 258, 259, 260, 263, 264, 266], "excluded_lines": []}, "YamlValidator._generate_general_suggestion": {"executed_lines": [], "summary": {"covered_lines": 0, "num_statements": 6, "percent_covered": 0.0, "percent_covered_display": "0", "missing_lines": 6, "excluded_lines": 0}, "missing_lines": [279, 281, 282, 285, 286, 290], "excluded_lines": []}, "YamlValidator.format_errors": {"executed_lines": [304, 307, 308, 309, 310, 312, 313, 314, 315, 317, 318, 320, 322, 323, 324, 325, 327, 328, 330, 332, 333, 335], "summary": {"covered_lines": 22, "num_statements": 23, "percent_covered": 95.65217391304348, "percent_covered_display": "96", "missing_lines": 1, "excluded_lines": 0}, "missing_lines": [305], "excluded_lines": []}, "validate_yaml_file": {"executed_lines": [348, 349, 350, 352], "summary": {"covered_lines": 4, "num_statements": 4, "percent_covered": 100.0, "percent_covered_display": "100", "missing_lines": 0, "excluded_lines": 0}, "missing_lines": [], "excluded_lines": []}, "lint_yaml_file": {"executed_lines": [365, 367, 368], "summary": {"covered_lines": 3, "num_statements": 4, "percent_covered": 75.0, "percent_covered_display": "75", "missing_lines": 1, "excluded_lines": 0}, "missing_lines": [370], "excluded_lines": []}, "": {"executed_lines": [1, 8, 9, 10, 11, 12, 15, 16, 17, 18, 19, 20, 21, 22, 25, 26, 27, 28, 29, 30, 31, 32, 33, 34, 37, 38, 42, 45, 106, 150, 204, 269, 294, 338, 355, 373], "summary": {"covered_lines": 32, "num_statements": 37, "percent_covered": 86.48648648648648, "percent_covered_display": "86", "missing_lines": 5, "excluded_lines": 0}, "missing_lines": [375, 377, 378, 379, 381], "excluded_lines": []}}, "classes": {"YamlErrorType": {"executed_lines": [], "summary": {"covered_lines": 0, "num_statements": 0, "percent_covered": 100.0, "percent_covered_display": "100", "missing_lines": 0, "excluded_lines": 0}, "missing_lines": [], "excluded_lines": []}, "YamlError": {"executed_lines": [], "summary": {"covered_lines": 0, "num_statements": 0, "percent_covered": 100.0, "percent_covered_display": "100", "missing_lines": 0, "excluded_lines": 0}, "missing_lines": [], "excluded_lines": []}, "YamlValidator": {"executed_lines": [43, 55, 56, 59, 60, 66, 67, 70, 80, 82, 83, 104, 117, 119, 122, 123, 129, 130, 132, 134, 136, 137, 138, 162, 165, 166, 167, 168, 171, 172, 173, 175, 176, 177, 179, 182, 184, 217, 219, 220, 225, 226, 229, 232, 235, 236, 238, 239, 304, 307, 308, 309, 310, 312, 313, 314, 315, 317, 318, 320, 322, 323, 324, 325, 327, 328, 330, 332, 333, 335], "summary": {"covered_lines": 70, "num_statements": 114, "percent_covered": 61.40350877192982, "percent_covered_display": "61", "missing_lines": 44, "excluded_lines": 0}, "missing_lines": [71, 77, 78, 84, 85, 91, 92, 93, 94, 100, 101, 139, 141, 147, 148, 195, 197, 222, 230, 233, 241, 242, 244, 245, 247, 248, 249, 251, 253, 254, 257, 258, 259, 260, 263, 264, 266, 279, 281, 282, 285, 286, 290, 305], "excluded_lines": []}, "": {"executed_lines": [1, 8, 9, 10, 11, 12, 15, 16, 17, 18, 19, 20, 21, 22, 25, 26, 27, 28, 29, 30, 31, 32, 33, 34, 37, 38, 42, 45, 106, 150, 204, 269, 294, 338, 348, 349, 350, 352, 355, 365, 367, 368, 373], "summary": {"covered_lines": 39, "num_statements": 45, "percent_covered": 86.66666666666667, "percent_covered_display": "87", "missing_lines": 6, "excluded_lines": 0}, "missing_lines": [370, 375, 377, 378, 379, 381], "excluded_lines": []}}}}, "totals": {"covered_lines": 8435, "num_statements": 15856, "percent_covered": 53.19752774974773, "percent_covered_display": "53", "missing_lines": 7421, "excluded_lines": 105}}